[0.030s] Invoking command in '/home/orthrus1-1/orthrus1-1/build/motor': AMENT_PREFIX_PATH=/home/orthrus1-1/orthrus1-1/install/message:${AMENT_PREFIX_PATH} CMAKE_PREFIX_PATH=/home/orthrus1-1/orthrus1-1/install/message:/opt/ros/dashing LD_LIBRARY_PATH=/home/orthrus1-1/orthrus1-1/install/message/lib:${LD_LIBRARY_PATH} PYTHONPATH=/home/orthrus1-1/orthrus1-1/install/message/lib/python3.6/site-packages:${PYTHONPATH} /usr/bin/cmake --build /home/orthrus1-1/orthrus1-1/build/motor -- -j4 -l4
[0.188s] [35m[1mScanning dependencies of target motor_carryout[0m
[0.240s] [ 50%] Built target check
[0.373s] [ 75%] [32mBuilding CXX object CMakeFiles/motor_carryout.dir/src/motor_carryout.cpp.o[0m
[3.862s] [01m[K/home/orthrus1-1/orthrus1-1/src/motor/src/motor_carryout.cpp:37:1:[m[K [01;31m[Kerror: [m[Kâ€˜[01m[Kfd1[m[Kâ€™ does not name a type
[3.863s]  [01;31m[Kfd1[m[K = open_set((char*)"/dev/ttyUSB0");
[3.863s] 
[3.864s]  [01;31m[K^~~[m[K
[3.865s] [01m[K/home/orthrus1-1/orthrus1-1/src/motor/src/motor_carryout.cpp:38:1:[m[K [01;31m[Kerror: [m[Kâ€˜[01m[Kfd2[m[Kâ€™ does not name a type
[3.866s]  [01;31m[Kfd2[m[K = open_set((char*)"/dev/ttyUSB1");
[3.867s] 
[3.868s]  [01;31m[K^~~[m[K
[3.869s] [01m[K/home/orthrus1-1/orthrus1-1/src/motor/src/motor_carryout.cpp:39:1:[m[K [01;31m[Kerror: [m[Kâ€˜[01m[Kfd3[m[Kâ€™ does not name a type
[3.870s]  [01;31m[Kfd3[m[K = open_set((char*)"/dev/ttyUSB2");
[3.870s] 
[3.871s]  [01;31m[K^~~[m[K
[3.871s] [01m[K/home/orthrus1-1/orthrus1-1/src/motor/src/motor_carryout.cpp:40:1:[m[K [01;31m[Kerror: [m[Kâ€˜[01m[Kfd4[m[Kâ€™ does not name a type
[3.872s]  [01;31m[Kfd4[m[K = open_set((char*)"/dev/ttyUSB3");
[3.872s] 
[3.873s]  [01;31m[K^~~[m[K
[4.007s] [01m[K/home/orthrus1-1/orthrus1-1/src/motor/src/motor_carryout.cpp:[m[K In member function â€˜[01m[Kvoid setup_data(short int&, float&, float&, float&, float&, float&, short int&, float&, float&, float&, float&, float&, short int&, float&, float&, float&, float&, float&, short int&, float&, float&, float&, float&, float&, short int&, float&, float&, float&, float&, float&, short int&, float&, float&, float&, float&, float&, short int&, float&, float&, float&, float&, float&, short int&, float&, float&, float&, float&, float&, short int&, float&, float&, float&, float&, float&, short int&, float&, float&, float&, float&, float&, short int&, float&, float&, float&, float&, float&, short int&, float&, float&, float&, float&, float&)::motor_carryout::topic_callback(message::msg::Motorcarryout_<std::allocator<void> >::SharedPtr) const[m[Kâ€™:
[4.008s] [01m[K/home/orthrus1-1/orthrus1-1/src/motor/src/motor_carryout.cpp:262:70:[m[K [01;35m[Kwarning: [m[Kunused parameter â€˜[01m[Kmsg[m[Kâ€™ [[01;35m[K-Wunused-parameter[m[K]
[4.009s]     void topic_callback(const message::msg::Motorcarryout::SharedPtr [01;35m[Kmsg[m[K) const
[4.009s] 
[4.010s]                                                                      [01;35m[K^~~[m[K
[4.011s] [01m[K/home/orthrus1-1/orthrus1-1/src/motor/src/motor_carryout.cpp:[m[K In function â€˜[01m[Kvoid setup_data(short int&, float&, float&, float&, float&, float&, short int&, float&, float&, float&, float&, float&, short int&, float&, float&, float&, float&, float&, short int&, float&, float&, float&, float&, float&, short int&, float&, float&, float&, float&, float&, short int&, float&, float&, float&, float&, float&, short int&, float&, float&, float&, float&, float&, short int&, float&, float&, float&, float&, float&, short int&, float&, float&, float&, float&, float&, short int&, float&, float&, float&, float&, float&, short int&, float&, float&, float&, float&, float&, short int&, float&, float&, float&, float&, float&)[m[Kâ€™:
[4.011s] [01m[K/home/orthrus1-1/orthrus1-1/src/motor/src/motor_carryout.cpp:301:1:[m[K [01;31m[Kerror: [m[Ka function-definition is not allowed here before â€˜[01m[K{[m[Kâ€™ token
[4.012s]  [01;31m[K{[m[K
[4.012s] 
[4.013s]  [01;31m[K^[m[K
[4.013s] [01m[K/home/orthrus1-1/orthrus1-1/src/motor/src/motor_carryout.cpp:314:1:[m[K [01;31m[Kerror: [m[Kexpected â€˜[01m[K}[m[Kâ€™ at end of input
[4.014s]  [01;31m[K}[m[K
[4.014s] 
[4.015s]  [01;31m[K^[m[K
[6.303s] CMakeFiles/motor_carryout.dir/build.make:62: recipe for target 'CMakeFiles/motor_carryout.dir/src/motor_carryout.cpp.o' failed
[6.304s] make[2]: *** [CMakeFiles/motor_carryout.dir/src/motor_carryout.cpp.o] Error 1
[6.305s] CMakeFiles/Makefile2:136: recipe for target 'CMakeFiles/motor_carryout.dir/all' failed
[6.306s] make[1]: *** [CMakeFiles/motor_carryout.dir/all] Error 2
[6.306s] make: *** [all] Error 2
[6.307s] Makefile:140: recipe for target 'all' failed
[6.311s] Invoked command in '/home/orthrus1-1/orthrus1-1/build/motor' returned '2': AMENT_PREFIX_PATH=/home/orthrus1-1/orthrus1-1/install/message:${AMENT_PREFIX_PATH} CMAKE_PREFIX_PATH=/home/orthrus1-1/orthrus1-1/install/message:/opt/ros/dashing LD_LIBRARY_PATH=/home/orthrus1-1/orthrus1-1/install/message/lib:${LD_LIBRARY_PATH} PYTHONPATH=/home/orthrus1-1/orthrus1-1/install/message/lib/python3.6/site-packages:${PYTHONPATH} /usr/bin/cmake --build /home/orthrus1-1/orthrus1-1/build/motor -- -j4 -l4
