[0.031s] Invoking command in '/home/orthrus1-1/orthrus1-1/build/motor': CMAKE_PREFIX_PATH=/home/orthrus1-1/orthrus1-1/install/message:/home/orthrus1-1/orthrus1-1/install/motor:/opt/ros/dashing LD_LIBRARY_PATH=/home/orthrus1-1/orthrus1-1/install/message/lib:/home/orthrus1-1/orthrus1-1/install/motor/lib:/opt/ros/dashing/opt/yaml_cpp_vendor/lib:/opt/ros/dashing/opt/rviz_ogre_vendor/lib:/usr/lib:/opt/ros/dashing/lib /usr/bin/cmake /home/orthrus1-1/orthrus1-1/src/motor -DCMAKE_INSTALL_PREFIX=/home/orthrus1-1/orthrus1-1/install/motor
[0.214s] -- The C compiler identification is GNU 7.5.0
[0.387s] -- The CXX compiler identification is GNU 7.5.0
[0.398s] -- Check for working C compiler: /usr/bin/cc
[0.635s] -- Check for working C compiler: /usr/bin/cc -- works
[0.637s] -- Detecting C compiler ABI info
[0.886s] -- Detecting C compiler ABI info - done
[0.907s] -- Detecting C compile features
[1.800s] -- Detecting C compile features - done
[1.807s] -- Check for working CXX compiler: /usr/bin/c++
[2.074s] -- Check for working CXX compiler: /usr/bin/c++ -- works
[2.076s] -- Detecting CXX compiler ABI info
[2.351s] -- Detecting CXX compiler ABI info - done
[2.369s] -- Detecting CXX compile features
[3.562s] -- Detecting CXX compile features - done
[3.574s] -- Found ament_cmake: 0.7.6 (/opt/ros/dashing/share/ament_cmake/cmake)
[3.695s] -- Found PythonInterp: /usr/bin/python3 (found suitable version "3.6.9", minimum required is "3") 
[3.696s] -- Using PYTHON_EXECUTABLE: /usr/bin/python3
[4.704s] -- Found rclcpp: 0.7.15 (/opt/ros/dashing/share/rclcpp/cmake)
[4.801s] -- Found rosidl_adapter: 0.7.10 (/opt/ros/dashing/share/rosidl_adapter/cmake)
[4.978s] -- Found rmw_implementation_cmake: 0.7.2 (/opt/ros/dashing/share/rmw_implementation_cmake/cmake)
[4.983s] -- Using RMW implementation 'rmw_fastrtps_cpp' as default
[4.988s] -- Looking for pthread.h
[5.239s] -- Looking for pthread.h - found
[5.243s] -- Looking for pthread_create
[5.501s] -- Looking for pthread_create - not found
[5.502s] -- Looking for pthread_create in pthreads
[5.723s] -- Looking for pthread_create in pthreads - not found
[5.724s] -- Looking for pthread_create in pthread
[5.968s] -- Looking for pthread_create in pthread - found
[5.971s] -- Found Threads: TRUE  
[6.102s] -- Found std_msgs: 0.7.0 (/opt/ros/dashing/share/std_msgs/cmake)
[6.120s] -- Found message: 0.0.0 (/home/orthrus1-1/orthrus1-1/install/message/share/message/cmake)
[6.319s] -- Found ament_lint_auto: 0.7.12 (/opt/ros/dashing/share/ament_lint_auto/cmake)
[6.685s] -- Added test 'copyright' to check for copyright in CMake / C / C++ / Python code
[6.693s] -- Added test 'cppcheck' to perform static code analysis on C / C++ code
[6.694s] -- Configured cppcheck include dirs: /home/orthrus1-1/orthrus1-1/src/motor/include/unitree_motor_ctrl
[6.700s] -- Added test 'cpplint' to check C / C++ code against the Google style
[6.704s] -- Added test 'lint_cmake' to check CMake code style
[6.711s] -- Added test 'uncrustify' to check C / C++ code style
[6.713s] -- Added test 'xmllint' to check XML markup files
[6.724s] -- Configuring done
[6.795s] -- Generating done
[6.801s] -- Build files have been written to: /home/orthrus1-1/orthrus1-1/build/motor
[6.816s] Invoked command in '/home/orthrus1-1/orthrus1-1/build/motor' returned '0': CMAKE_PREFIX_PATH=/home/orthrus1-1/orthrus1-1/install/message:/home/orthrus1-1/orthrus1-1/install/motor:/opt/ros/dashing LD_LIBRARY_PATH=/home/orthrus1-1/orthrus1-1/install/message/lib:/home/orthrus1-1/orthrus1-1/install/motor/lib:/opt/ros/dashing/opt/yaml_cpp_vendor/lib:/opt/ros/dashing/opt/rviz_ogre_vendor/lib:/usr/lib:/opt/ros/dashing/lib /usr/bin/cmake /home/orthrus1-1/orthrus1-1/src/motor -DCMAKE_INSTALL_PREFIX=/home/orthrus1-1/orthrus1-1/install/motor
[6.824s] Invoking command in '/home/orthrus1-1/orthrus1-1/build/motor': CMAKE_PREFIX_PATH=/home/orthrus1-1/orthrus1-1/install/message:/home/orthrus1-1/orthrus1-1/install/motor:/opt/ros/dashing LD_LIBRARY_PATH=/home/orthrus1-1/orthrus1-1/install/message/lib:/home/orthrus1-1/orthrus1-1/install/motor/lib:/opt/ros/dashing/opt/yaml_cpp_vendor/lib:/opt/ros/dashing/opt/rviz_ogre_vendor/lib:/usr/lib:/opt/ros/dashing/lib /usr/bin/cmake --build /home/orthrus1-1/orthrus1-1/build/motor -- -j4 -l4
[6.981s] [35m[1mScanning dependencies of target check[0m
[6.982s] [35m[1mScanning dependencies of target motor_carryout[0m
[7.100s] [ 25%] [32mBuilding CXX object CMakeFiles/check.dir/src/check.cpp.o[0m
[7.104s] [ 50%] [32mBuilding CXX object CMakeFiles/motor_carryout.dir/src/motor_carryout.cpp.o[0m
[7.382s] [01m[K/home/orthrus1-1/orthrus1-1/src/motor/src/motor_carryout.cpp:16:10:[m[K [01;31m[Kfatal error: [m[Kmessage/msg/Motorcarryout.hpp: No such file or directory
[7.383s]  #include [01;31m[K"message/msg/Motorcarryout.hpp"[m[K
[7.384s] 
[7.384s]           [01;31m[K^~~~~~~~~~~~~~~~~~~~~~~~~~~~~~~[m[K
[7.385s] compilation terminated.
[7.394s] make[2]: *** [CMakeFiles/motor_carryout.dir/src/motor_carryout.cpp.o] Error 1
[7.394s] CMakeFiles/motor_carryout.dir/build.make:62: recipe for target 'CMakeFiles/motor_carryout.dir/src/motor_carryout.cpp.o' failed
[7.395s] CMakeFiles/Makefile2:136: recipe for target 'CMakeFiles/motor_carryout.dir/all' failed
[7.395s] make[1]: *** [CMakeFiles/motor_carryout.dir/all] Error 2
[7.396s] make[1]: *** Waiting for unfinished jobs....
[11.164s] [ 75%] [32m[1mLinking CXX executable check[0m
[11.534s] [ 75%] Built target check
[11.537s] Makefile:140: recipe for target 'all' failed
[11.538s] make: *** [all] Error 2
[11.544s] Invoked command in '/home/orthrus1-1/orthrus1-1/build/motor' returned '2': CMAKE_PREFIX_PATH=/home/orthrus1-1/orthrus1-1/install/message:/home/orthrus1-1/orthrus1-1/install/motor:/opt/ros/dashing LD_LIBRARY_PATH=/home/orthrus1-1/orthrus1-1/install/message/lib:/home/orthrus1-1/orthrus1-1/install/motor/lib:/opt/ros/dashing/opt/yaml_cpp_vendor/lib:/opt/ros/dashing/opt/rviz_ogre_vendor/lib:/usr/lib:/opt/ros/dashing/lib /usr/bin/cmake --build /home/orthrus1-1/orthrus1-1/build/motor -- -j4 -l4
