[35m[1mScanning dependencies of target motor_carryout[0m
[ 50%] Built target check
[ 75%] [32mBuilding CXX object CMakeFiles/motor_carryout.dir/src/motor_carryout.cpp.o[0m
[01m[K/home/orthrus1-1/orthrus1-1/src/motor/src/motor_carryout.cpp:[m[K In function â€˜[01m[Kvoid setup_data(int*)[m[Kâ€™:
[01m[K/home/orthrus1-1/orthrus1-1/src/motor/src/motor_carryout.cpp:102:25:[m[K [01;31m[Kerror: [m[Kâ€˜[01m[Kmsg_[m[Kâ€™ was not declared in this scope
     motor_LF_s1.mode =  [01;31m[Kmsg_[m[K-> mode_LF_1;

                         [01;31m[K^~~~[m[K
[01m[K/home/orthrus1-1/orthrus1-1/src/motor/src/motor_carryout.cpp:113:23:[m[K [01;31m[Kerror: [m[Kâ€˜[01m[Kmsg_[m[Kâ€™ was not declared in this scope
    motor_LF_s2.mode = [01;31m[Kmsg_[m[K-> mode_LF_2;

                       [01;31m[K^~~~[m[K
[01m[K/home/orthrus1-1/orthrus1-1/src/motor/src/motor_carryout.cpp:124:24:[m[K [01;31m[Kerror: [m[Kâ€˜[01m[Kmsg_[m[Kâ€™ was not declared in this scope
     motor_LF_s3.mode = [01;31m[Kmsg_[m[K-> mode_LF_3;

                        [01;31m[K^~~~[m[K
[01m[K/home/orthrus1-1/orthrus1-1/src/motor/src/motor_carryout.cpp:136:27:[m[K [01;31m[Kerror: [m[Kâ€˜[01m[Kmsg_[m[Kâ€™ was not declared in this scope
        motor_RF_s1.mode = [01;31m[Kmsg_[m[K-> mode_RF_1;

                           [01;31m[K^~~~[m[K
[01m[K/home/orthrus1-1/orthrus1-1/src/motor/src/motor_carryout.cpp:147:27:[m[K [01;31m[Kerror: [m[Kâ€˜[01m[Kmsg_[m[Kâ€™ was not declared in this scope
        motor_RF_s2.mode = [01;31m[Kmsg_[m[K-> mode_RF_2;

                           [01;31m[K^~~~[m[K
[01m[K/home/orthrus1-1/orthrus1-1/src/motor/src/motor_carryout.cpp:158:27:[m[K [01;31m[Kerror: [m[Kâ€˜[01m[Kmsg_[m[Kâ€™ was not declared in this scope
        motor_RF_s3.mode = [01;31m[Kmsg_[m[K-> mode_RF_3;

                           [01;31m[K^~~~[m[K
[01m[K/home/orthrus1-1/orthrus1-1/src/motor/src/motor_carryout.cpp:170:24:[m[K [01;31m[Kerror: [m[Kâ€˜[01m[Kmsg_[m[Kâ€™ was not declared in this scope
     motor_LB_s1.mode = [01;31m[Kmsg_[m[K-> mode_LB_1;

                        [01;31m[K^~~~[m[K
[01m[K/home/orthrus1-1/orthrus1-1/src/motor/src/motor_carryout.cpp:181:24:[m[K [01;31m[Kerror: [m[Kâ€˜[01m[Kmsg_[m[Kâ€™ was not declared in this scope
     motor_LB_s2.mode = [01;31m[Kmsg_[m[K-> mode_LB_2;

                        [01;31m[K^~~~[m[K
[01m[K/home/orthrus1-1/orthrus1-1/src/motor/src/motor_carryout.cpp:192:24:[m[K [01;31m[Kerror: [m[Kâ€˜[01m[Kmsg_[m[Kâ€™ was not declared in this scope
     motor_LB_s3.mode = [01;31m[Kmsg_[m[K-> mode_LB_3;

                        [01;31m[K^~~~[m[K
[01m[K/home/orthrus1-1/orthrus1-1/src/motor/src/motor_carryout.cpp:203:28:[m[K [01;31m[Kerror: [m[Kâ€˜[01m[Kmsg_[m[Kâ€™ was not declared in this scope
         motor_RB_s1.mode = [01;31m[Kmsg_[m[K-> mode_RB_1;

                            [01;31m[K^~~~[m[K
[01m[K/home/orthrus1-1/orthrus1-1/src/motor/src/motor_carryout.cpp:214:28:[m[K [01;31m[Kerror: [m[Kâ€˜[01m[Kmsg_[m[Kâ€™ was not declared in this scope
         motor_RB_s2.mode = [01;31m[Kmsg_[m[K-> mode_RB_2;

                            [01;31m[K^~~~[m[K
[01m[K/home/orthrus1-1/orthrus1-1/src/motor/src/motor_carryout.cpp:225:28:[m[K [01;31m[Kerror: [m[Kâ€˜[01m[Kmsg_[m[Kâ€™ was not declared in this scope
         motor_RB_s3.mode = [01;31m[Kmsg_[m[K-> mode_RB_3;

                            [01;31m[K^~~~[m[K
[01m[K/home/orthrus1-1/orthrus1-1/src/motor/src/motor_carryout.cpp:94:22:[m[K [01;35m[Kwarning: [m[Kunused parameter â€˜[01m[Kptr_msg[m[Kâ€™ [[01;35m[K-Wunused-parameter[m[K]
 void setup_data(int *[01;35m[Kptr_msg[m[K

                      [01;35m[K^~~~~~~[m[K
[01m[K/home/orthrus1-1/orthrus1-1/src/motor/src/motor_carryout.cpp:[m[K In member function â€˜[01m[Kvoid motor_carryout::topic_callback(message::msg::Motorcarryout_<std::allocator<void> >::SharedPtr) const[m[Kâ€™:
[01m[K/home/orthrus1-1/orthrus1-1/src/motor/src/motor_carryout.cpp:250:22:[m[K [01;31m[Kerror: [m[Kcannot convert â€˜[01m[Kconst SharedPtr* {aka const std::shared_ptr<message::msg::Motorcarryout_<std::allocator<void> > >*}[m[Kâ€™ to â€˜[01m[Kint*[m[Kâ€™ for argument â€˜[01m[K1[m[Kâ€™ to â€˜[01m[Kvoid setup_data(int*)[m[Kâ€™
       setup_data(&msg[01;31m[K)[m[K;

                      [01;31m[K^[m[K
CMakeFiles/motor_carryout.dir/build.make:62: recipe for target 'CMakeFiles/motor_carryout.dir/src/motor_carryout.cpp.o' failed
make[2]: *** [CMakeFiles/motor_carryout.dir/src/motor_carryout.cpp.o] Error 1
CMakeFiles/Makefile2:136: recipe for target 'CMakeFiles/motor_carryout.dir/all' failed
make[1]: *** [CMakeFiles/motor_carryout.dir/all] Error 2
Makefile:140: recipe for target 'all' failed
make: *** [all] Error 2
