[0.032s] Invoking command in '/home/orthrus1-1/orthrus1-1/build/motor': AMENT_PREFIX_PATH=/home/orthrus1-1/orthrus1-1/install/message:${AMENT_PREFIX_PATH} CMAKE_PREFIX_PATH=/home/orthrus1-1/orthrus1-1/install/message:/opt/ros/dashing LD_LIBRARY_PATH=/home/orthrus1-1/orthrus1-1/install/message/lib:${LD_LIBRARY_PATH} PYTHONPATH=/home/orthrus1-1/orthrus1-1/install/message/lib/python3.6/site-packages:${PYTHONPATH} /usr/bin/cmake --build /home/orthrus1-1/orthrus1-1/build/motor -- -j4 -l4
[0.193s] [35m[1mScanning dependencies of target motor_carryout[0m
[0.248s] [ 50%] Built target check
[0.292s] [ 75%] [32mBuilding CXX object CMakeFiles/motor_carryout.dir/src/motor_carryout.cpp.o[0m
[3.757s] [01m[K/home/orthrus1-1/orthrus1-1/src/motor/src/motor_carryout.cpp:[m[K In function â€˜[01m[Kvoid setup_data(int*)[m[Kâ€™:
[3.758s] [01m[K/home/orthrus1-1/orthrus1-1/src/motor/src/motor_carryout.cpp:102:25:[m[K [01;31m[Kerror: [m[Kâ€˜[01m[Kmsg_[m[Kâ€™ was not declared in this scope
[3.758s]      motor_LF_s1.mode =  [01;31m[Kmsg_[m[K-> mode_LF_1;
[3.759s] 
[3.760s]                          [01;31m[K^~~~[m[K
[3.761s] [01m[K/home/orthrus1-1/orthrus1-1/src/motor/src/motor_carryout.cpp:113:23:[m[K [01;31m[Kerror: [m[Kâ€˜[01m[Kmsg_[m[Kâ€™ was not declared in this scope
[3.761s]     motor_LF_s2.mode = [01;31m[Kmsg_[m[K-> mode_LF_2;
[3.762s] 
[3.763s]                        [01;31m[K^~~~[m[K
[3.764s] [01m[K/home/orthrus1-1/orthrus1-1/src/motor/src/motor_carryout.cpp:124:24:[m[K [01;31m[Kerror: [m[Kâ€˜[01m[Kmsg_[m[Kâ€™ was not declared in this scope
[3.765s]      motor_LF_s3.mode = [01;31m[Kmsg_[m[K-> mode_LF_3;
[3.766s] 
[3.766s]                         [01;31m[K^~~~[m[K
[3.767s] [01m[K/home/orthrus1-1/orthrus1-1/src/motor/src/motor_carryout.cpp:136:27:[m[K [01;31m[Kerror: [m[Kâ€˜[01m[Kmsg_[m[Kâ€™ was not declared in this scope
[3.768s]         motor_RF_s1.mode = [01;31m[Kmsg_[m[K-> mode_RF_1;
[3.769s] 
[3.769s]                            [01;31m[K^~~~[m[K
[3.770s] [01m[K/home/orthrus1-1/orthrus1-1/src/motor/src/motor_carryout.cpp:147:27:[m[K [01;31m[Kerror: [m[Kâ€˜[01m[Kmsg_[m[Kâ€™ was not declared in this scope
[3.771s]         motor_RF_s2.mode = [01;31m[Kmsg_[m[K-> mode_RF_2;
[3.772s] 
[3.772s]                            [01;31m[K^~~~[m[K
[3.773s] [01m[K/home/orthrus1-1/orthrus1-1/src/motor/src/motor_carryout.cpp:158:27:[m[K [01;31m[Kerror: [m[Kâ€˜[01m[Kmsg_[m[Kâ€™ was not declared in this scope
[3.774s]         motor_RF_s3.mode = [01;31m[Kmsg_[m[K-> mode_RF_3;
[3.775s] 
[3.775s]                            [01;31m[K^~~~[m[K
[3.776s] [01m[K/home/orthrus1-1/orthrus1-1/src/motor/src/motor_carryout.cpp:170:24:[m[K [01;31m[Kerror: [m[Kâ€˜[01m[Kmsg_[m[Kâ€™ was not declared in this scope
[3.777s]      motor_LB_s1.mode = [01;31m[Kmsg_[m[K-> mode_LB_1;
[3.778s] 
[3.779s]                         [01;31m[K^~~~[m[K
[3.779s] [01m[K/home/orthrus1-1/orthrus1-1/src/motor/src/motor_carryout.cpp:181:24:[m[K [01;31m[Kerror: [m[Kâ€˜[01m[Kmsg_[m[Kâ€™ was not declared in this scope
[3.780s]      motor_LB_s2.mode = [01;31m[Kmsg_[m[K-> mode_LB_2;
[3.781s] 
[3.781s]                         [01;31m[K^~~~[m[K
[3.782s] [01m[K/home/orthrus1-1/orthrus1-1/src/motor/src/motor_carryout.cpp:192:24:[m[K [01;31m[Kerror: [m[Kâ€˜[01m[Kmsg_[m[Kâ€™ was not declared in this scope
[3.783s]      motor_LB_s3.mode = [01;31m[Kmsg_[m[K-> mode_LB_3;
[3.784s] 
[3.784s]                         [01;31m[K^~~~[m[K
[3.785s] [01m[K/home/orthrus1-1/orthrus1-1/src/motor/src/motor_carryout.cpp:203:28:[m[K [01;31m[Kerror: [m[Kâ€˜[01m[Kmsg_[m[Kâ€™ was not declared in this scope
[3.786s]          motor_RB_s1.mode = [01;31m[Kmsg_[m[K-> mode_RB_1;
[3.787s] 
[3.787s]                             [01;31m[K^~~~[m[K
[3.788s] [01m[K/home/orthrus1-1/orthrus1-1/src/motor/src/motor_carryout.cpp:214:28:[m[K [01;31m[Kerror: [m[Kâ€˜[01m[Kmsg_[m[Kâ€™ was not declared in this scope
[3.789s]          motor_RB_s2.mode = [01;31m[Kmsg_[m[K-> mode_RB_2;
[3.790s] 
[3.790s]                             [01;31m[K^~~~[m[K
[3.792s] [01m[K/home/orthrus1-1/orthrus1-1/src/motor/src/motor_carryout.cpp:225:28:[m[K [01;31m[Kerror: [m[Kâ€˜[01m[Kmsg_[m[Kâ€™ was not declared in this scope
[3.792s]          motor_RB_s3.mode = [01;31m[Kmsg_[m[K-> mode_RB_3;
[3.793s] 
[3.794s]                             [01;31m[K^~~~[m[K
[3.795s] [01m[K/home/orthrus1-1/orthrus1-1/src/motor/src/motor_carryout.cpp:94:22:[m[K [01;35m[Kwarning: [m[Kunused parameter â€˜[01m[Kptr_msg[m[Kâ€™ [[01;35m[K-Wunused-parameter[m[K]
[3.795s]  void setup_data(int *[01;35m[Kptr_msg[m[K
[3.796s] 
[3.796s]                       [01;35m[K^~~~~~~[m[K
[3.927s] [01m[K/home/orthrus1-1/orthrus1-1/src/motor/src/motor_carryout.cpp:[m[K In member function â€˜[01m[Kvoid motor_carryout::topic_callback(message::msg::Motorcarryout_<std::allocator<void> >::SharedPtr) const[m[Kâ€™:
[3.928s] [01m[K/home/orthrus1-1/orthrus1-1/src/motor/src/motor_carryout.cpp:250:22:[m[K [01;31m[Kerror: [m[Kcannot convert â€˜[01m[Kconst SharedPtr* {aka const std::shared_ptr<message::msg::Motorcarryout_<std::allocator<void> > >*}[m[Kâ€™ to â€˜[01m[Kint*[m[Kâ€™ for argument â€˜[01m[K1[m[Kâ€™ to â€˜[01m[Kvoid setup_data(int*)[m[Kâ€™
[3.928s]        setup_data(&msg[01;31m[K)[m[K;
[3.929s] 
[3.930s]                       [01;31m[K^[m[K
[6.275s] CMakeFiles/motor_carryout.dir/build.make:62: recipe for target 'CMakeFiles/motor_carryout.dir/src/motor_carryout.cpp.o' failed
[6.275s] make[2]: *** [CMakeFiles/motor_carryout.dir/src/motor_carryout.cpp.o] Error 1
[6.276s] CMakeFiles/Makefile2:136: recipe for target 'CMakeFiles/motor_carryout.dir/all' failed
[6.277s] make[1]: *** [CMakeFiles/motor_carryout.dir/all] Error 2
[6.277s] Makefile:140: recipe for target 'all' failed
[6.278s] make: *** [all] Error 2
[6.282s] Invoked command in '/home/orthrus1-1/orthrus1-1/build/motor' returned '2': AMENT_PREFIX_PATH=/home/orthrus1-1/orthrus1-1/install/message:${AMENT_PREFIX_PATH} CMAKE_PREFIX_PATH=/home/orthrus1-1/orthrus1-1/install/message:/opt/ros/dashing LD_LIBRARY_PATH=/home/orthrus1-1/orthrus1-1/install/message/lib:${LD_LIBRARY_PATH} PYTHONPATH=/home/orthrus1-1/orthrus1-1/install/message/lib/python3.6/site-packages:${PYTHONPATH} /usr/bin/cmake --build /home/orthrus1-1/orthrus1-1/build/motor -- -j4 -l4
