[0.033s] Invoking command in '/home/orthrus1-1/orthrus1-1/build/motor': AMENT_PREFIX_PATH=/home/orthrus1-1/orthrus1-1/install/message:${AMENT_PREFIX_PATH} CMAKE_PREFIX_PATH=/home/orthrus1-1/orthrus1-1/install/message:/opt/ros/dashing LD_LIBRARY_PATH=/home/orthrus1-1/orthrus1-1/install/message/lib:${LD_LIBRARY_PATH} PYTHONPATH=/home/orthrus1-1/orthrus1-1/install/message/lib/python3.6/site-packages:${PYTHONPATH} /usr/bin/cmake --build /home/orthrus1-1/orthrus1-1/build/motor -- -j4 -l4
[0.192s] [35m[1mScanning dependencies of target motor_carryout[0m
[0.247s] [ 50%] Built target check
[0.290s] [ 75%] [32mBuilding CXX object CMakeFiles/motor_carryout.dir/src/motor_carryout.cpp.o[0m
[3.749s] [01m[K/home/orthrus1-1/orthrus1-1/src/motor/src/motor_carryout.cpp:39:40:[m[K [01;31m[Kerror: [m[Kâ€˜[01m[KMotor_carryout[m[Kâ€™ is not a member of â€˜[01m[Kmessage::msg[m[Kâ€™
[3.749s]      rclcpp::Subscription<message::msg::[01;31m[KMotor_carryout[m[K>::SharedPtr subscription_;};
[3.750s] 
[3.751s]                                         [01;31m[K^~~~~~~~~~~~~~[m[K
[3.751s] [01m[K/home/orthrus1-1/orthrus1-1/src/motor/src/motor_carryout.cpp:39:40:[m[K [01;36m[Knote: [m[Ksuggested alternative: â€˜[01m[KMotorcarryout[m[Kâ€™
[3.752s]      rclcpp::Subscription<message::msg::[01;36m[KMotor_carryout[m[K>::SharedPtr subscription_;};
[3.752s] 
[3.753s]                                         [01;36m[K^~~~~~~~~~~~~~[m[K
[3.753s]                                         [32m[KMotorcarryout[m[K
[3.754s] [01m[K/home/orthrus1-1/orthrus1-1/src/motor/src/motor_carryout.cpp:39:40:[m[K [01;31m[Kerror: [m[Kâ€˜[01m[KMotor_carryout[m[Kâ€™ is not a member of â€˜[01m[Kmessage::msg[m[Kâ€™
[3.754s] [01m[K/home/orthrus1-1/orthrus1-1/src/motor/src/motor_carryout.cpp:39:40:[m[K [01;36m[Knote: [m[Ksuggested alternative: â€˜[01m[KMotorcarryout[m[Kâ€™
[3.755s]      rclcpp::Subscription<message::msg::[01;36m[KMotor_carryout[m[K>::SharedPtr subscription_;};
[3.755s] 
[3.756s]                                         [01;36m[K^~~~~~~~~~~~~~[m[K
[3.757s]                                         [32m[KMotorcarryout[m[K
[3.758s] [01m[K/home/orthrus1-1/orthrus1-1/src/motor/src/motor_carryout.cpp:39:54:[m[K [01;31m[Kerror: [m[Ktemplate argument 1 is invalid
[3.759s]      rclcpp::Subscription<message::msg::Motor_carryout[01;31m[K>[m[K::SharedPtr subscription_;};
[3.759s] 
[3.760s]                                                       [01;31m[K^[m[K
[3.760s] [01m[K/home/orthrus1-1/orthrus1-1/src/motor/src/motor_carryout.cpp:39:57:[m[K [01;31m[Kerror: [m[Kexpected â€˜[01m[K;[m[Kâ€™ at end of member declaration
[3.761s]      rclcpp::Subscription<message::msg::Motor_carryout>::[01;31m[KSharedPtr[m[K subscription_;};
[3.761s] 
[3.762s]                                                          [01;31m[K^~~~~~~~~[m[K
[3.762s] [01m[K/home/orthrus1-1/orthrus1-1/src/motor/src/motor_carryout.cpp:39:67:[m[K [01;31m[Kerror: [m[Kâ€˜[01m[Ksubscription_[m[Kâ€™ does not name a type; did you mean â€˜[01m[Krcl_subscription_t[m[Kâ€™?
[3.763s]      rclcpp::Subscription<message::msg::Motor_carryout>::SharedPtr [01;31m[Ksubscription_[m[K;};
[3.763s] 
[3.764s]                                                                    [01;31m[K^~~~~~~~~~~~~[m[K
[3.765s]                                                                    [32m[Krcl_subscription_t[m[K
[3.765s] [01m[K/home/orthrus1-1/orthrus1-1/src/motor/src/motor_carryout.cpp:[m[K In constructor â€˜[01m[Kmotor_carryout::motor_carryout()[m[Kâ€™:
[3.766s] [01m[K/home/orthrus1-1/orthrus1-1/src/motor/src/motor_carryout.cpp:27:7:[m[K [01;31m[Kerror: [m[Kâ€˜[01m[Ksubscription_[m[Kâ€™ was not declared in this scope
[3.767s]        [01;31m[Ksubscription_[m[K = this->create_subscription<message::msg::Motorcarryout>(
[3.768s] 
[3.768s]        [01;31m[K^~~~~~~~~~~~~[m[K
[3.769s] [01m[K/home/orthrus1-1/orthrus1-1/src/motor/src/motor_carryout.cpp:27:7:[m[K [01;36m[Knote: [m[Ksuggested alternative: â€˜[01m[Krcl_subscription_t[m[Kâ€™
[3.769s]        [01;36m[Ksubscription_[m[K = this->create_subscription<message::msg::Motorcarryout>(
[3.770s] 
[3.770s]        [01;36m[K^~~~~~~~~~~~~[m[K
[3.771s]        [32m[Krcl_subscription_t[m[K
[3.771s] [01m[K/home/orthrus1-1/orthrus1-1/src/motor/src/motor_carryout.cpp:28:77:[m[K [01;31m[Kerror: [m[Kâ€˜[01m[K_1[m[Kâ€™ was not declared in this scope
[3.772s]        "motor_carryout", 2, std::bind(&motor_carryout::topic_callback, this, [01;31m[K_1[m[K));
[3.772s] 
[3.773s]                                                                              [01;31m[K^~[m[K
[3.773s] [01m[K/home/orthrus1-1/orthrus1-1/src/motor/src/motor_carryout.cpp:28:77:[m[K [01;36m[Knote: [m[Ksuggested alternative:
[3.774s] In file included from [01m[K/home/orthrus1-1/orthrus1-1/src/motor/src/motor_carryout.cpp:12:0[m[K:
[3.774s] [01m[K/usr/include/c++/7/functional:275:34:[m[K [01;36m[Knote: [m[K  â€˜[01m[Kstd::placeholders::_1[m[Kâ€™
[3.775s]      extern const _Placeholder<1> [01;36m[K_1[m[K;
[3.776s]                                   [01;36m[K^~[m[K
[4.365s] CMakeFiles/motor_carryout.dir/build.make:62: recipe for target 'CMakeFiles/motor_carryout.dir/src/motor_carryout.cpp.o' failed
[4.366s] make[2]: *** [CMakeFiles/motor_carryout.dir/src/motor_carryout.cpp.o] Error 1
[4.367s] CMakeFiles/Makefile2:136: recipe for target 'CMakeFiles/motor_carryout.dir/all' failed
[4.368s] make[1]: *** [CMakeFiles/motor_carryout.dir/all] Error 2
[4.368s] Makefile:140: recipe for target 'all' failed
[4.369s] make: *** [all] Error 2
[4.374s] Invoked command in '/home/orthrus1-1/orthrus1-1/build/motor' returned '2': AMENT_PREFIX_PATH=/home/orthrus1-1/orthrus1-1/install/message:${AMENT_PREFIX_PATH} CMAKE_PREFIX_PATH=/home/orthrus1-1/orthrus1-1/install/message:/opt/ros/dashing LD_LIBRARY_PATH=/home/orthrus1-1/orthrus1-1/install/message/lib:${LD_LIBRARY_PATH} PYTHONPATH=/home/orthrus1-1/orthrus1-1/install/message/lib/python3.6/site-packages:${PYTHONPATH} /usr/bin/cmake --build /home/orthrus1-1/orthrus1-1/build/motor -- -j4 -l4
