[0.089s] Invoking command in '/home/orthrus1-1/orthrus1-1/build/motor': CMAKE_PREFIX_PATH=/home/orthrus1-1/orthrus1-1/install/message:/home/orthrus1-1/orthrus1-1/install/motor:/opt/ros/dashing LD_LIBRARY_PATH=/home/orthrus1-1/orthrus1-1/install/message/lib:/home/orthrus1-1/orthrus1-1/install/motor/lib:/opt/ros/dashing/opt/yaml_cpp_vendor/lib:/opt/ros/dashing/opt/rviz_ogre_vendor/lib:/usr/lib:/opt/ros/dashing/lib /usr/bin/cmake --build /home/orthrus1-1/orthrus1-1/build/motor -- -j4 -l4
[0.250s] [35m[1mScanning dependencies of target motor_carryout[0m
[0.302s] [ 50%] Built target check
[0.348s] [ 75%] [32mBuilding CXX object CMakeFiles/motor_carryout.dir/src/motor_carryout.cpp.o[0m
[0.621s] [01m[K/home/orthrus1-1/orthrus1-1/src/motor/src/motor_carryout.cpp:61:8:[m[K [01;35m[Kwarning: [m[K"/*" within comment [[01;35m[K-Wcomment[m[K]
[0.621s]        //* auto message = std_msgs::msg::String();
[0.622s] 
[0.622s]          
[0.623s] [01m[K/home/orthrus1-1/orthrus1-1/src/motor/src/motor_carryout.cpp:62:8:[m[K [01;35m[Kwarning: [m[K"/*" within comment [[01;35m[K-Wcomment[m[K]
[0.623s]        //* message.data = "Hello, world! " + std::to_string(count_++);
[0.624s] 
[0.624s]          
[0.625s] [01m[K/home/orthrus1-1/orthrus1-1/src/motor/src/motor_carryout.cpp:63:8:[m[K [01;35m[Kwarning: [m[K"/*" within comment [[01;35m[K-Wcomment[m[K]
[0.625s]        //* RCLCPP_INFO(this->get_logger(), "Publishing: '%s'", message.data.c_str());
[0.626s] 
[0.626s]          
[0.627s] [01m[K/home/orthrus1-1/orthrus1-1/src/motor/src/motor_carryout.cpp:64:8:[m[K [01;35m[Kwarning: [m[K"/*" within comment [[01;35m[K-Wcomment[m[K]
[0.627s]        //* publisher_->publish(message);
[0.627s] 
[0.628s]          
[3.837s] [01m[K/home/orthrus1-1/orthrus1-1/src/motor/src/motor_carryout.cpp:34:31:[m[K [01;31m[Kerror: [m[Kexpected â€˜[01m[K)[m[Kâ€™
[3.837s]      void topic_callback(const [01;31m[Kmessage[m[K::msg::int::SharedPtr msg) const
[3.838s] 
[3.838s]                                [01;31m[K^~~~~~~[m[K
[3.839s] [01m[K/home/orthrus1-1/orthrus1-1/src/motor/src/motor_carryout.cpp:34:25:[m[K [01;31m[Kerror: [m[Kexpected â€˜[01m[K;[m[Kâ€™ at end of member declaration
[3.840s]      void topic_callback([01;31m[Kconst[m[K message::msg::int::SharedPtr msg) const
[3.840s] 
[3.841s]                          [01;31m[K^~~~~[m[K
[3.841s] [01m[K/home/orthrus1-1/orthrus1-1/src/motor/src/motor_carryout.cpp:34:45:[m[K [01;31m[Kerror: [m[Kexpected unqualified-id before â€˜[01m[Kint[m[Kâ€™
[3.842s]      void topic_callback(const message::msg::[01;31m[Kint[m[K::SharedPtr msg) const
[3.843s] 
[3.844s]                                              [01;31m[K^~~[m[K
[3.844s] [01m[K/home/orthrus1-1/orthrus1-1/src/motor/src/motor_carryout.cpp:38:26:[m[K [01;31m[Kerror: [m[Kâ€˜[01m[Kstd_msgs[m[Kâ€™ was not declared in this scope
[3.845s]      rclcpp::Subscription<[01;31m[Kstd_msgs[m[K::msg::Motor_carryout>::SharedPtr subscription_;};
[3.845s] 
[3.846s]                           [01;31m[K^~~~~~~~[m[K
[3.846s] [01m[K/home/orthrus1-1/orthrus1-1/src/motor/src/motor_carryout.cpp:38:55:[m[K [01;31m[Kerror: [m[Ktemplate argument 1 is invalid
[3.847s]      rclcpp::Subscription<std_msgs::msg::Motor_carryout[01;31m[K>[m[K::SharedPtr subscription_;};
[3.847s] 
[3.848s]                                                        [01;31m[K^[m[K
[3.849s] [01m[K/home/orthrus1-1/orthrus1-1/src/motor/src/motor_carryout.cpp:38:58:[m[K [01;31m[Kerror: [m[Kexpected â€˜[01m[K;[m[Kâ€™ at end of member declaration
[3.849s]      rclcpp::Subscription<std_msgs::msg::Motor_carryout>::[01;31m[KSharedPtr[m[K subscription_;};
[3.850s] 
[3.850s]                                                           [01;31m[K^~~~~~~~~[m[K
[3.851s] [01m[K/home/orthrus1-1/orthrus1-1/src/motor/src/motor_carryout.cpp:38:68:[m[K [01;31m[Kerror: [m[Kâ€˜[01m[Ksubscription_[m[Kâ€™ does not name a type; did you mean â€˜[01m[Krcl_subscription_t[m[Kâ€™?
[3.852s]      rclcpp::Subscription<std_msgs::msg::Motor_carryout>::SharedPtr [01;31m[Ksubscription_[m[K;};
[3.853s] 
[3.854s]                                                                     [01;31m[K^~~~~~~~~~~~~[m[K
[3.854s]                                                                     [32m[Krcl_subscription_t[m[K
[3.855s] [01m[K/home/orthrus1-1/orthrus1-1/src/motor/src/motor_carryout.cpp:[m[K In constructor â€˜[01m[Kmotor_carryout::motor_carryout()[m[Kâ€™:
[3.855s] [01m[K/home/orthrus1-1/orthrus1-1/src/motor/src/motor_carryout.cpp:26:7:[m[K [01;31m[Kerror: [m[Kâ€˜[01m[Ksubscription_[m[Kâ€™ was not declared in this scope
[3.856s]        [01;31m[Ksubscription_[m[K = this->create_subscription<message::msg::motorcarryout>(
[3.856s] 
[3.857s]        [01;31m[K^~~~~~~~~~~~~[m[K
[3.861s] [01m[K/home/orthrus1-1/orthrus1-1/src/motor/src/motor_carryout.cpp:26:7:[m[K [01;36m[Knote: [m[Ksuggested alternative: â€˜[01m[Krcl_subscription_t[m[Kâ€™
[3.862s]        [01;36m[Ksubscription_[m[K = this->create_subscription<message::msg::motorcarryout>(
[3.862s] 
[3.863s]        [01;36m[K^~~~~~~~~~~~~[m[K
[3.864s]        [32m[Krcl_subscription_t[m[K
[3.864s] [01m[K/home/orthrus1-1/orthrus1-1/src/motor/src/motor_carryout.cpp:26:63:[m[K [01;31m[Kerror: [m[Kâ€˜[01m[Kmotorcarryout[m[Kâ€™ is not a member of â€˜[01m[Kmessage::msg[m[Kâ€™
[3.865s]        subscription_ = this->create_subscription<message::msg::[01;31m[Kmotorcarryout[m[K>(
[3.865s] 
[3.866s]                                                                [01;31m[K^~~~~~~~~~~~~[m[K
[3.866s] [01m[K/home/orthrus1-1/orthrus1-1/src/motor/src/motor_carryout.cpp:26:63:[m[K [01;36m[Knote: [m[Ksuggested alternative: â€˜[01m[KMotorcarryout[m[Kâ€™
[3.867s]        subscription_ = this->create_subscription<message::msg::[01;36m[Kmotorcarryout[m[K>(
[3.867s] 
[3.868s]                                                                [01;36m[K^~~~~~~~~~~~~[m[K
[3.868s]                                                                [32m[KMotorcarryout[m[K
[3.869s] [01m[K/home/orthrus1-1/orthrus1-1/src/motor/src/motor_carryout.cpp:26:63:[m[K [01;31m[Kerror: [m[Kâ€˜[01m[Kmotorcarryout[m[Kâ€™ is not a member of â€˜[01m[Kmessage::msg[m[Kâ€™
[3.869s] [01m[K/home/orthrus1-1/orthrus1-1/src/motor/src/motor_carryout.cpp:26:63:[m[K [01;36m[Knote: [m[Ksuggested alternative: â€˜[01m[KMotorcarryout[m[Kâ€™
[3.870s]        subscription_ = this->create_subscription<message::msg::[01;36m[Kmotorcarryout[m[K>(
[3.870s] 
[3.871s]                                                                [01;36m[K^~~~~~~~~~~~~[m[K
[3.871s]                                                                [32m[KMotorcarryout[m[K
[3.872s] [01m[K/home/orthrus1-1/orthrus1-1/src/motor/src/motor_carryout.cpp:27:77:[m[K [01;31m[Kerror: [m[Kâ€˜[01m[K_1[m[Kâ€™ was not declared in this scope
[3.872s]        "motor_carryout", 2, std::bind(&motor_carryout::topic_callback, this, [01;31m[K_1[m[K));
[3.873s] 
[3.873s]                                                                              [01;31m[K^~[m[K
[3.874s] [01m[K/home/orthrus1-1/orthrus1-1/src/motor/src/motor_carryout.cpp:27:77:[m[K [01;36m[Knote: [m[Ksuggested alternative:
[3.874s] In file included from [01m[K/home/orthrus1-1/orthrus1-1/src/motor/src/motor_carryout.cpp:12:0[m[K:
[3.875s] [01m[K/usr/include/c++/7/functional:275:34:[m[K [01;36m[Knote: [m[K  â€˜[01m[Kstd::placeholders::_1[m[Kâ€™
[3.875s]      extern const _Placeholder<1> [01;36m[K_1[m[K;
[3.876s]                                   [01;36m[K^~[m[K
[4.451s] CMakeFiles/motor_carryout.dir/build.make:62: recipe for target 'CMakeFiles/motor_carryout.dir/src/motor_carryout.cpp.o' failed
[4.452s] make[2]: *** [CMakeFiles/motor_carryout.dir/src/motor_carryout.cpp.o] Error 1
[4.453s] CMakeFiles/Makefile2:136: recipe for target 'CMakeFiles/motor_carryout.dir/all' failed
[4.454s] make[1]: *** [CMakeFiles/motor_carryout.dir/all] Error 2
[4.454s] make: *** [all] Error 2
[4.455s] Makefile:140: recipe for target 'all' failed
[4.459s] Invoked command in '/home/orthrus1-1/orthrus1-1/build/motor' returned '2': CMAKE_PREFIX_PATH=/home/orthrus1-1/orthrus1-1/install/message:/home/orthrus1-1/orthrus1-1/install/motor:/opt/ros/dashing LD_LIBRARY_PATH=/home/orthrus1-1/orthrus1-1/install/message/lib:/home/orthrus1-1/orthrus1-1/install/motor/lib:/opt/ros/dashing/opt/yaml_cpp_vendor/lib:/opt/ros/dashing/opt/rviz_ogre_vendor/lib:/usr/lib:/opt/ros/dashing/lib /usr/bin/cmake --build /home/orthrus1-1/orthrus1-1/build/motor -- -j4 -l4
