[ 25%] [32mBuilding CXX object CMakeFiles/motor_carryout.dir/src/motor_carryout.cpp.o[0m
[ 75%] Built target check
[01m[K/home/orthrus1-1/orthrus1-1/src/motor/src/motor_carryout.cpp:37:1:[m[K [01;31m[Kerror: [m[Kâ€˜[01m[Kfd1[m[Kâ€™ does not name a type
 [01;31m[Kfd1[m[K = open_set((char*)"/dev/ttyUSB0");

 [01;31m[K^~~[m[K
[01m[K/home/orthrus1-1/orthrus1-1/src/motor/src/motor_carryout.cpp:38:1:[m[K [01;31m[Kerror: [m[Kâ€˜[01m[Kfd2[m[Kâ€™ does not name a type
 [01;31m[Kfd2[m[K = open_set((char*)"/dev/ttyUSB1");

 [01;31m[K^~~[m[K
[01m[K/home/orthrus1-1/orthrus1-1/src/motor/src/motor_carryout.cpp:39:1:[m[K [01;31m[Kerror: [m[Kâ€˜[01m[Kfd3[m[Kâ€™ does not name a type
 [01;31m[Kfd3[m[K = open_set((char*)"/dev/ttyUSB2");

 [01;31m[K^~~[m[K
[01m[K/home/orthrus1-1/orthrus1-1/src/motor/src/motor_carryout.cpp:40:1:[m[K [01;31m[Kerror: [m[Kâ€˜[01m[Kfd4[m[Kâ€™ does not name a type
 [01;31m[Kfd4[m[K = open_set((char*)"/dev/ttyUSB3");

 [01;31m[K^~~[m[K
[01m[K/home/orthrus1-1/orthrus1-1/src/motor/src/motor_carryout.cpp:[m[K In member function â€˜[01m[Kvoid setup_data(short int&, float&, float&, float&, float&, float&, short int&, float&, float&, float&, float&, float&, short int&, float&, float&, float&, float&, float&, short int&, float&, float&, float&, float&, float&, short int&, float&, float&, float&, float&, float&, short int&, float&, float&, float&, float&, float&, short int&, float&, float&, float&, float&, float&, short int&, float&, float&, float&, float&, float&, short int&, float&, float&, float&, float&, float&, short int&, float&, float&, float&, float&, float&, short int&, float&, float&, float&, float&, float&, short int&, float&, float&, float&, float&, float&)::motor_carryout::topic_callback(message::msg::Motorcarryout_<std::allocator<void> >::SharedPtr) const[m[Kâ€™:
[01m[K/home/orthrus1-1/orthrus1-1/src/motor/src/motor_carryout.cpp:262:70:[m[K [01;35m[Kwarning: [m[Kunused parameter â€˜[01m[Kmsg[m[Kâ€™ [[01;35m[K-Wunused-parameter[m[K]
     void topic_callback(const message::msg::Motorcarryout::SharedPtr [01;35m[Kmsg[m[K) const

                                                                      [01;35m[K^~~[m[K
[01m[K/home/orthrus1-1/orthrus1-1/src/motor/src/motor_carryout.cpp:[m[K In function â€˜[01m[Kvoid setup_data(short int&, float&, float&, float&, float&, float&, short int&, float&, float&, float&, float&, float&, short int&, float&, float&, float&, float&, float&, short int&, float&, float&, float&, float&, float&, short int&, float&, float&, float&, float&, float&, short int&, float&, float&, float&, float&, float&, short int&, float&, float&, float&, float&, float&, short int&, float&, float&, float&, float&, float&, short int&, float&, float&, float&, float&, float&, short int&, float&, float&, float&, float&, float&, short int&, float&, float&, float&, float&, float&, short int&, float&, float&, float&, float&, float&)[m[Kâ€™:
[01m[K/home/orthrus1-1/orthrus1-1/src/motor/src/motor_carryout.cpp:301:1:[m[K [01;31m[Kerror: [m[Ka function-definition is not allowed here before â€˜[01m[K{[m[Kâ€™ token
 [01;31m[K{[m[K

 [01;31m[K^[m[K
[01m[K/home/orthrus1-1/orthrus1-1/src/motor/src/motor_carryout.cpp:314:1:[m[K [01;31m[Kerror: [m[Kexpected â€˜[01m[K}[m[Kâ€™ at end of input
 [01;31m[K}[m[K

 [01;31m[K^[m[K
CMakeFiles/motor_carryout.dir/build.make:62: recipe for target 'CMakeFiles/motor_carryout.dir/src/motor_carryout.cpp.o' failed
make[2]: *** [CMakeFiles/motor_carryout.dir/src/motor_carryout.cpp.o] Error 1
make[1]: *** [CMakeFiles/motor_carryout.dir/all] Error 2
CMakeFiles/Makefile2:136: recipe for target 'CMakeFiles/motor_carryout.dir/all' failed
make: *** [all] Error 2
Makefile:140: recipe for target 'all' failed
