[0.026s] Invoking command in '/home/orthrus1-1/orthrus1-1/build/motor': AMENT_PREFIX_PATH=/home/orthrus1-1/orthrus1-1/install/message:${AMENT_PREFIX_PATH} CMAKE_PREFIX_PATH=/home/orthrus1-1/orthrus1-1/install/message:/opt/ros/dashing LD_LIBRARY_PATH=/home/orthrus1-1/orthrus1-1/install/message/lib:${LD_LIBRARY_PATH} PYTHONPATH=/home/orthrus1-1/orthrus1-1/install/message/lib/python3.6/site-packages:${PYTHONPATH} /usr/bin/cmake --build /home/orthrus1-1/orthrus1-1/build/motor -- -j4 -l4
[0.234s] [ 25%] [32mBuilding CXX object CMakeFiles/motor_carryout.dir/src/motor_carryout.cpp.o[0m
[0.235s] [ 75%] Built target check
[3.700s] [01m[K/home/orthrus1-1/orthrus1-1/src/motor/src/motor_carryout.cpp:37:1:[m[K [01;31m[Kerror: [m[Kâ€˜[01m[Kfd1[m[Kâ€™ does not name a type
[3.701s]  [01;31m[Kfd1[m[K = open_set((char*)"/dev/ttyUSB0");
[3.702s] 
[3.703s]  [01;31m[K^~~[m[K
[3.703s] [01m[K/home/orthrus1-1/orthrus1-1/src/motor/src/motor_carryout.cpp:38:1:[m[K [01;31m[Kerror: [m[Kâ€˜[01m[Kfd2[m[Kâ€™ does not name a type
[3.704s]  [01;31m[Kfd2[m[K = open_set((char*)"/dev/ttyUSB1");
[3.705s] 
[3.706s]  [01;31m[K^~~[m[K
[3.707s] [01m[K/home/orthrus1-1/orthrus1-1/src/motor/src/motor_carryout.cpp:39:1:[m[K [01;31m[Kerror: [m[Kâ€˜[01m[Kfd3[m[Kâ€™ does not name a type
[3.707s]  [01;31m[Kfd3[m[K = open_set((char*)"/dev/ttyUSB2");
[3.708s] 
[3.708s]  [01;31m[K^~~[m[K
[3.709s] [01m[K/home/orthrus1-1/orthrus1-1/src/motor/src/motor_carryout.cpp:40:1:[m[K [01;31m[Kerror: [m[Kâ€˜[01m[Kfd4[m[Kâ€™ does not name a type
[3.709s]  [01;31m[Kfd4[m[K = open_set((char*)"/dev/ttyUSB3");
[3.710s] 
[3.710s]  [01;31m[K^~~[m[K
[3.845s] [01m[K/home/orthrus1-1/orthrus1-1/src/motor/src/motor_carryout.cpp:[m[K In member function â€˜[01m[Kvoid setup_data(short int&, float&, float&, float&, float&, float&, short int&, float&, float&, float&, float&, float&, short int&, float&, float&, float&, float&, float&, short int&, float&, float&, float&, float&, float&, short int&, float&, float&, float&, float&, float&, short int&, float&, float&, float&, float&, float&, short int&, float&, float&, float&, float&, float&, short int&, float&, float&, float&, float&, float&, short int&, float&, float&, float&, float&, float&, short int&, float&, float&, float&, float&, float&, short int&, float&, float&, float&, float&, float&, short int&, float&, float&, float&, float&, float&)::motor_carryout::topic_callback(message::msg::Motorcarryout_<std::allocator<void> >::SharedPtr) const[m[Kâ€™:
[3.846s] [01m[K/home/orthrus1-1/orthrus1-1/src/motor/src/motor_carryout.cpp:262:70:[m[K [01;35m[Kwarning: [m[Kunused parameter â€˜[01m[Kmsg[m[Kâ€™ [[01;35m[K-Wunused-parameter[m[K]
[3.847s]      void topic_callback(const message::msg::Motorcarryout::SharedPtr [01;35m[Kmsg[m[K) const
[3.847s] 
[3.848s]                                                                       [01;35m[K^~~[m[K
[3.848s] [01m[K/home/orthrus1-1/orthrus1-1/src/motor/src/motor_carryout.cpp:[m[K In function â€˜[01m[Kvoid setup_data(short int&, float&, float&, float&, float&, float&, short int&, float&, float&, float&, float&, float&, short int&, float&, float&, float&, float&, float&, short int&, float&, float&, float&, float&, float&, short int&, float&, float&, float&, float&, float&, short int&, float&, float&, float&, float&, float&, short int&, float&, float&, float&, float&, float&, short int&, float&, float&, float&, float&, float&, short int&, float&, float&, float&, float&, float&, short int&, float&, float&, float&, float&, float&, short int&, float&, float&, float&, float&, float&, short int&, float&, float&, float&, float&, float&)[m[Kâ€™:
[3.849s] [01m[K/home/orthrus1-1/orthrus1-1/src/motor/src/motor_carryout.cpp:301:1:[m[K [01;31m[Kerror: [m[Ka function-definition is not allowed here before â€˜[01m[K{[m[Kâ€™ token
[3.849s]  [01;31m[K{[m[K
[3.850s] 
[3.850s]  [01;31m[K^[m[K
[3.851s] [01m[K/home/orthrus1-1/orthrus1-1/src/motor/src/motor_carryout.cpp:314:1:[m[K [01;31m[Kerror: [m[Kexpected â€˜[01m[K}[m[Kâ€™ at end of input
[3.851s]  [01;31m[K}[m[K
[3.852s] 
[3.852s]  [01;31m[K^[m[K
[6.140s] CMakeFiles/motor_carryout.dir/build.make:62: recipe for target 'CMakeFiles/motor_carryout.dir/src/motor_carryout.cpp.o' failed
[6.141s] make[2]: *** [CMakeFiles/motor_carryout.dir/src/motor_carryout.cpp.o] Error 1
[6.142s] make[1]: *** [CMakeFiles/motor_carryout.dir/all] Error 2
[6.143s] CMakeFiles/Makefile2:136: recipe for target 'CMakeFiles/motor_carryout.dir/all' failed
[6.143s] make: *** [all] Error 2
[6.144s] Makefile:140: recipe for target 'all' failed
[6.149s] Invoked command in '/home/orthrus1-1/orthrus1-1/build/motor' returned '2': AMENT_PREFIX_PATH=/home/orthrus1-1/orthrus1-1/install/message:${AMENT_PREFIX_PATH} CMAKE_PREFIX_PATH=/home/orthrus1-1/orthrus1-1/install/message:/opt/ros/dashing LD_LIBRARY_PATH=/home/orthrus1-1/orthrus1-1/install/message/lib:${LD_LIBRARY_PATH} PYTHONPATH=/home/orthrus1-1/orthrus1-1/install/message/lib/python3.6/site-packages:${PYTHONPATH} /usr/bin/cmake --build /home/orthrus1-1/orthrus1-1/build/motor -- -j4 -l4
