[0.061s] Invoking command in '/home/orthrus1-1/orthrus1-1/build/motor': CMAKE_PREFIX_PATH=/opt/ros/dashing /usr/bin/cmake --build /home/orthrus1-1/orthrus1-1/build/motor -- -j4 -l4
[0.153s] -- Found ament_cmake: 0.7.5 (/opt/ros/dashing/share/ament_cmake/cmake)
[0.276s] -- Using PYTHON_EXECUTABLE: /usr/bin/python3
[1.241s] -- Found rclcpp: 0.7.14 (/opt/ros/dashing/share/rclcpp/cmake)
[1.287s] -- Found rosidl_adapter: 0.7.9 (/opt/ros/dashing/share/rosidl_adapter/cmake)
[1.408s] -- Found rmw_implementation_cmake: 0.7.2 (/opt/ros/dashing/share/rmw_implementation_cmake/cmake)
[1.412s] -- Using RMW implementation 'rmw_fastrtps_cpp' as default
[1.504s] -- Found std_msgs: 0.7.0 (/opt/ros/dashing/share/std_msgs/cmake)
[1.562s] -- Found ament_lint_auto: 0.7.12 (/opt/ros/dashing/share/ament_lint_auto/cmake)
[1.863s] -- Added test 'copyright' to check for copyright in CMake / C / C++ / Python code
[1.868s] -- Added test 'cppcheck' to perform static code analysis on C / C++ code
[1.869s] -- Configured cppcheck include dirs: /home/orthrus1-1/orthrus1-1/src/motor/include/unitree_motor_ctrl
[1.873s] -- Added test 'cpplint' to check C / C++ code against the Google style
[1.876s] -- Added test 'lint_cmake' to check CMake code style
[1.881s] -- Added test 'uncrustify' to check C / C++ code style
[1.882s] -- Added test 'xmllint' to check XML markup files
[1.890s] -- Configuring done
[1.927s] -- Generating done
[1.932s] -- Build files have been written to: /home/orthrus1-1/orthrus1-1/build/motor
[2.016s] [35m[1mScanning dependencies of target check[0m
[2.108s] [ 50%] [32mBuilding CXX object CMakeFiles/check.dir/src/check.cpp.o[0m
[6.203s] [100%] [32m[1mLinking CXX executable check[0m
[6.277s] /usr/bin/ld: cannot find -lUnitree_motor_SDK_ARM64
[6.277s] collect2: error: ld returned 1 exit status
[6.282s] make[2]: *** [check] Error 1
[6.282s] CMakeFiles/check.dir/build.make:134: recipe for target 'check' failed
[6.283s] CMakeFiles/Makefile2:67: recipe for target 'CMakeFiles/check.dir/all' failed
[6.284s] make[1]: *** [CMakeFiles/check.dir/all] Error 2
[6.284s] make: *** [all] Error 2
[6.285s] Makefile:140: recipe for target 'all' failed
[6.291s] Invoked command in '/home/orthrus1-1/orthrus1-1/build/motor' returned '2': CMAKE_PREFIX_PATH=/opt/ros/dashing /usr/bin/cmake --build /home/orthrus1-1/orthrus1-1/build/motor -- -j4 -l4
