[0.033s] Invoking command in '/home/orthrus1-1/orthrus1-1/build/motor': AMENT_PREFIX_PATH=/home/orthrus1-1/orthrus1-1/install/message:${AMENT_PREFIX_PATH} CMAKE_PREFIX_PATH=/home/orthrus1-1/orthrus1-1/install/message:/opt/ros/dashing LD_LIBRARY_PATH=/home/orthrus1-1/orthrus1-1/install/message/lib:${LD_LIBRARY_PATH} PYTHONPATH=/home/orthrus1-1/orthrus1-1/install/message/lib/python3.6/site-packages:${PYTHONPATH} /usr/bin/cmake --build /home/orthrus1-1/orthrus1-1/build/motor -- -j4 -l4
[0.192s] [35m[1mScanning dependencies of target motor_carryout[0m
[0.244s] [ 50%] Built target check
[0.291s] [ 75%] [32mBuilding CXX object CMakeFiles/motor_carryout.dir/src/motor_carryout.cpp.o[0m
[3.774s] [01m[K/home/orthrus1-1/orthrus1-1/src/motor/src/motor_carryout.cpp:94:60:[m[K [01;31m[Kerror: [m[Kexpected unqualified-id before â€˜[01m[K*[m[Kâ€™ token
[3.775s]  void setup_data(int message::msg::Motorcarryout::SharedPtr [01;31m[K*[m[Kmsg_,
[3.775s] 
[3.776s]                                                             [01;31m[K^[m[K
[3.776s] [01m[K/home/orthrus1-1/orthrus1-1/src/motor/src/motor_carryout.cpp:94:60:[m[K [01;31m[Kerror: [m[Kexpected â€˜[01m[K)[m[Kâ€™ before â€˜[01m[K*[m[Kâ€™ token
[3.777s] [01m[K/home/orthrus1-1/orthrus1-1/src/motor/src/motor_carryout.cpp:94:60:[m[K [01;31m[Kerror: [m[Kexpected initializer before â€˜[01m[K*[m[Kâ€™ token
[3.908s] [01m[K/home/orthrus1-1/orthrus1-1/src/motor/src/motor_carryout.cpp:[m[K In member function â€˜[01m[Kvoid motor_carryout::topic_callback(message::msg::Motorcarryout_<std::allocator<void> >::SharedPtr) const[m[Kâ€™:
[3.909s] [01m[K/home/orthrus1-1/orthrus1-1/src/motor/src/motor_carryout.cpp:253:7:[m[K [01;31m[Kerror: [m[Kâ€˜[01m[Ksetup_data[m[Kâ€™ was not declared in this scope
[3.910s]        [01;31m[Ksetup_data[m[K(&msg);
[3.910s] 
[3.911s]        [01;31m[K^~~~~~~~~~[m[K
[3.916s] [01m[K/home/orthrus1-1/orthrus1-1/src/motor/src/motor_carryout.cpp:253:7:[m[K [01;36m[Knote: [m[Ksuggested alternative: â€˜[01m[Ksetstate[m[Kâ€™
[3.916s]        [01;36m[Ksetup_data[m[K(&msg);
[3.917s] 
[3.917s]        [01;36m[K^~~~~~~~~~[m[K
[3.918s]        [32m[Ksetstate[m[K
[6.273s] CMakeFiles/motor_carryout.dir/build.make:62: recipe for target 'CMakeFiles/motor_carryout.dir/src/motor_carryout.cpp.o' failed
[6.274s] make[2]: *** [CMakeFiles/motor_carryout.dir/src/motor_carryout.cpp.o] Error 1
[6.274s] make[1]: *** [CMakeFiles/motor_carryout.dir/all] Error 2
[6.275s] CMakeFiles/Makefile2:136: recipe for target 'CMakeFiles/motor_carryout.dir/all' failed
[6.275s] Makefile:140: recipe for target 'all' failed
[6.276s] make: *** [all] Error 2
[6.280s] Invoked command in '/home/orthrus1-1/orthrus1-1/build/motor' returned '2': AMENT_PREFIX_PATH=/home/orthrus1-1/orthrus1-1/install/message:${AMENT_PREFIX_PATH} CMAKE_PREFIX_PATH=/home/orthrus1-1/orthrus1-1/install/message:/opt/ros/dashing LD_LIBRARY_PATH=/home/orthrus1-1/orthrus1-1/install/message/lib:${LD_LIBRARY_PATH} PYTHONPATH=/home/orthrus1-1/orthrus1-1/install/message/lib/python3.6/site-packages:${PYTHONPATH} /usr/bin/cmake --build /home/orthrus1-1/orthrus1-1/build/motor -- -j4 -l4
