[01m[K/home/orthrus1-1/orthrus1-1/src/motor/src/motor_carryout.cpp:[m[K In function â€˜[01m[Kvoid setup_data()[m[Kâ€™:
[01m[K/home/orthrus1-1/orthrus1-1/src/motor/src/motor_carryout.cpp:101:25:[m[K [01;31m[Kerror: [m[Kâ€˜[01m[Kmsg_[m[Kâ€™ was not declared in this scope
     motor_LF_s1.mode =  [01;31m[Kmsg_[m[K-> mode_LF_1;

                         [01;31m[K^~~~[m[K
[01m[K/home/orthrus1-1/orthrus1-1/src/motor/src/motor_carryout.cpp:112:23:[m[K [01;31m[Kerror: [m[Kâ€˜[01m[Kmsg_[m[Kâ€™ was not declared in this scope
    motor_LF_s2.mode = [01;31m[Kmsg_[m[K-> mode_LF_2;

                       [01;31m[K^~~~[m[K
[01m[K/home/orthrus1-1/orthrus1-1/src/motor/src/motor_carryout.cpp:123:24:[m[K [01;31m[Kerror: [m[Kâ€˜[01m[Kmsg_[m[Kâ€™ was not declared in this scope
     motor_LF_s3.mode = [01;31m[Kmsg_[m[K-> mode_LF_3;

                        [01;31m[K^~~~[m[K
[01m[K/home/orthrus1-1/orthrus1-1/src/motor/src/motor_carryout.cpp:135:27:[m[K [01;31m[Kerror: [m[Kâ€˜[01m[Kmsg_[m[Kâ€™ was not declared in this scope
        motor_RF_s1.mode = [01;31m[Kmsg_[m[K-> mode_RF_1;

                           [01;31m[K^~~~[m[K
[01m[K/home/orthrus1-1/orthrus1-1/src/motor/src/motor_carryout.cpp:146:27:[m[K [01;31m[Kerror: [m[Kâ€˜[01m[Kmsg_[m[Kâ€™ was not declared in this scope
        motor_RF_s2.mode = [01;31m[Kmsg_[m[K-> mode_RF_2;

                           [01;31m[K^~~~[m[K
[01m[K/home/orthrus1-1/orthrus1-1/src/motor/src/motor_carryout.cpp:157:27:[m[K [01;31m[Kerror: [m[Kâ€˜[01m[Kmsg_[m[Kâ€™ was not declared in this scope
        motor_RF_s3.mode = [01;31m[Kmsg_[m[K-> mode_RF_3;

                           [01;31m[K^~~~[m[K
[01m[K/home/orthrus1-1/orthrus1-1/src/motor/src/motor_carryout.cpp:169:24:[m[K [01;31m[Kerror: [m[Kâ€˜[01m[Kmsg_[m[Kâ€™ was not declared in this scope
     motor_LB_s1.mode = [01;31m[Kmsg_[m[K-> mode_LB_1;

                        [01;31m[K^~~~[m[K
[01m[K/home/orthrus1-1/orthrus1-1/src/motor/src/motor_carryout.cpp:180:24:[m[K [01;31m[Kerror: [m[Kâ€˜[01m[Kmsg_[m[Kâ€™ was not declared in this scope
     motor_LB_s2.mode = [01;31m[Kmsg_[m[K-> mode_LB_2;

                        [01;31m[K^~~~[m[K
[01m[K/home/orthrus1-1/orthrus1-1/src/motor/src/motor_carryout.cpp:191:24:[m[K [01;31m[Kerror: [m[Kâ€˜[01m[Kmsg_[m[Kâ€™ was not declared in this scope
     motor_LB_s3.mode = [01;31m[Kmsg_[m[K-> mode_LB_3;

                        [01;31m[K^~~~[m[K
[01m[K/home/orthrus1-1/orthrus1-1/src/motor/src/motor_carryout.cpp:202:28:[m[K [01;31m[Kerror: [m[Kâ€˜[01m[Kmsg_[m[Kâ€™ was not declared in this scope
         motor_RB_s1.mode = [01;31m[Kmsg_[m[K-> mode_RB_1;

                            [01;31m[K^~~~[m[K
[01m[K/home/orthrus1-1/orthrus1-1/src/motor/src/motor_carryout.cpp:213:28:[m[K [01;31m[Kerror: [m[Kâ€˜[01m[Kmsg_[m[Kâ€™ was not declared in this scope
         motor_RB_s2.mode = [01;31m[Kmsg_[m[K-> mode_RB_2;

                            [01;31m[K^~~~[m[K
[01m[K/home/orthrus1-1/orthrus1-1/src/motor/src/motor_carryout.cpp:224:28:[m[K [01;31m[Kerror: [m[Kâ€˜[01m[Kmsg_[m[Kâ€™ was not declared in this scope
         motor_RB_s3.mode = [01;31m[Kmsg_[m[K-> mode_RB_3;

                            [01;31m[K^~~~[m[K
make[2]: *** [CMakeFiles/motor_carryout.dir/src/motor_carryout.cpp.o] Error 1
make[1]: *** [CMakeFiles/motor_carryout.dir/all] Error 2
make: *** [all] Error 2
