[0.032s] Invoking command in '/home/orthrus1-1/orthrus1-1/build/motor': AMENT_PREFIX_PATH=/home/orthrus1-1/orthrus1-1/install/message:${AMENT_PREFIX_PATH} CMAKE_PREFIX_PATH=/home/orthrus1-1/orthrus1-1/install/message:/opt/ros/dashing LD_LIBRARY_PATH=/home/orthrus1-1/orthrus1-1/install/message/lib:${LD_LIBRARY_PATH} PYTHONPATH=/home/orthrus1-1/orthrus1-1/install/message/lib/python3.6/site-packages:${PYTHONPATH} /usr/bin/cmake --build /home/orthrus1-1/orthrus1-1/build/motor -- -j4 -l4
[0.190s] [35m[1mScanning dependencies of target motor_carryout[0m
[0.244s] [ 50%] Built target check
[0.289s] [ 75%] [32mBuilding CXX object CMakeFiles/motor_carryout.dir/src/motor_carryout.cpp.o[0m
[3.778s] [01m[K/home/orthrus1-1/orthrus1-1/src/motor/src/motor_carryout.cpp:[m[K In function â€˜[01m[Kvoid setup_data()[m[Kâ€™:
[3.779s] [01m[K/home/orthrus1-1/orthrus1-1/src/motor/src/motor_carryout.cpp:101:25:[m[K [01;31m[Kerror: [m[Kâ€˜[01m[Kmsg_[m[Kâ€™ was not declared in this scope
[3.779s]      motor_LF_s1.mode =  [01;31m[Kmsg_[m[K-> mode_LF_1;
[3.780s] 
[3.781s]                          [01;31m[K^~~~[m[K
[3.782s] [01m[K/home/orthrus1-1/orthrus1-1/src/motor/src/motor_carryout.cpp:112:23:[m[K [01;31m[Kerror: [m[Kâ€˜[01m[Kmsg_[m[Kâ€™ was not declared in this scope
[3.782s]     motor_LF_s2.mode = [01;31m[Kmsg_[m[K-> mode_LF_2;
[3.783s] 
[3.784s]                        [01;31m[K^~~~[m[K
[3.784s] [01m[K/home/orthrus1-1/orthrus1-1/src/motor/src/motor_carryout.cpp:123:24:[m[K [01;31m[Kerror: [m[Kâ€˜[01m[Kmsg_[m[Kâ€™ was not declared in this scope
[3.785s]      motor_LF_s3.mode = [01;31m[Kmsg_[m[K-> mode_LF_3;
[3.786s] 
[3.787s]                         [01;31m[K^~~~[m[K
[3.787s] [01m[K/home/orthrus1-1/orthrus1-1/src/motor/src/motor_carryout.cpp:135:27:[m[K [01;31m[Kerror: [m[Kâ€˜[01m[Kmsg_[m[Kâ€™ was not declared in this scope
[3.788s]         motor_RF_s1.mode = [01;31m[Kmsg_[m[K-> mode_RF_1;
[3.789s] 
[3.790s]                            [01;31m[K^~~~[m[K
[3.790s] [01m[K/home/orthrus1-1/orthrus1-1/src/motor/src/motor_carryout.cpp:146:27:[m[K [01;31m[Kerror: [m[Kâ€˜[01m[Kmsg_[m[Kâ€™ was not declared in this scope
[3.791s]         motor_RF_s2.mode = [01;31m[Kmsg_[m[K-> mode_RF_2;
[3.792s] 
[3.792s]                            [01;31m[K^~~~[m[K
[3.793s] [01m[K/home/orthrus1-1/orthrus1-1/src/motor/src/motor_carryout.cpp:157:27:[m[K [01;31m[Kerror: [m[Kâ€˜[01m[Kmsg_[m[Kâ€™ was not declared in this scope
[3.794s]         motor_RF_s3.mode = [01;31m[Kmsg_[m[K-> mode_RF_3;
[3.795s] 
[3.795s]                            [01;31m[K^~~~[m[K
[3.796s] [01m[K/home/orthrus1-1/orthrus1-1/src/motor/src/motor_carryout.cpp:169:24:[m[K [01;31m[Kerror: [m[Kâ€˜[01m[Kmsg_[m[Kâ€™ was not declared in this scope
[3.797s]      motor_LB_s1.mode = [01;31m[Kmsg_[m[K-> mode_LB_1;
[3.797s] 
[3.798s]                         [01;31m[K^~~~[m[K
[3.799s] [01m[K/home/orthrus1-1/orthrus1-1/src/motor/src/motor_carryout.cpp:180:24:[m[K [01;31m[Kerror: [m[Kâ€˜[01m[Kmsg_[m[Kâ€™ was not declared in this scope
[3.800s]      motor_LB_s2.mode = [01;31m[Kmsg_[m[K-> mode_LB_2;
[3.800s] 
[3.801s]                         [01;31m[K^~~~[m[K
[3.802s] [01m[K/home/orthrus1-1/orthrus1-1/src/motor/src/motor_carryout.cpp:191:24:[m[K [01;31m[Kerror: [m[Kâ€˜[01m[Kmsg_[m[Kâ€™ was not declared in this scope
[3.802s]      motor_LB_s3.mode = [01;31m[Kmsg_[m[K-> mode_LB_3;
[3.803s] 
[3.804s]                         [01;31m[K^~~~[m[K
[3.805s] [01m[K/home/orthrus1-1/orthrus1-1/src/motor/src/motor_carryout.cpp:202:28:[m[K [01;31m[Kerror: [m[Kâ€˜[01m[Kmsg_[m[Kâ€™ was not declared in this scope
[3.805s]          motor_RB_s1.mode = [01;31m[Kmsg_[m[K-> mode_RB_1;
[3.806s] 
[3.807s]                             [01;31m[K^~~~[m[K
[3.807s] [01m[K/home/orthrus1-1/orthrus1-1/src/motor/src/motor_carryout.cpp:213:28:[m[K [01;31m[Kerror: [m[Kâ€˜[01m[Kmsg_[m[Kâ€™ was not declared in this scope
[3.808s]          motor_RB_s2.mode = [01;31m[Kmsg_[m[K-> mode_RB_2;
[3.809s] 
[3.810s]                             [01;31m[K^~~~[m[K
[3.810s] [01m[K/home/orthrus1-1/orthrus1-1/src/motor/src/motor_carryout.cpp:224:28:[m[K [01;31m[Kerror: [m[Kâ€˜[01m[Kmsg_[m[Kâ€™ was not declared in this scope
[3.811s]          motor_RB_s3.mode = [01;31m[Kmsg_[m[K-> mode_RB_3;
[3.812s] 
[3.812s]                             [01;31m[K^~~~[m[K
[6.310s] make[2]: *** [CMakeFiles/motor_carryout.dir/src/motor_carryout.cpp.o] Error 1
[6.310s] CMakeFiles/motor_carryout.dir/build.make:62: recipe for target 'CMakeFiles/motor_carryout.dir/src/motor_carryout.cpp.o' failed
[6.311s] CMakeFiles/Makefile2:136: recipe for target 'CMakeFiles/motor_carryout.dir/all' failed
[6.312s] make[1]: *** [CMakeFiles/motor_carryout.dir/all] Error 2
[6.312s] Makefile:140: recipe for target 'all' failed
[6.313s] make: *** [all] Error 2
[6.317s] Invoked command in '/home/orthrus1-1/orthrus1-1/build/motor' returned '2': AMENT_PREFIX_PATH=/home/orthrus1-1/orthrus1-1/install/message:${AMENT_PREFIX_PATH} CMAKE_PREFIX_PATH=/home/orthrus1-1/orthrus1-1/install/message:/opt/ros/dashing LD_LIBRARY_PATH=/home/orthrus1-1/orthrus1-1/install/message/lib:${LD_LIBRARY_PATH} PYTHONPATH=/home/orthrus1-1/orthrus1-1/install/message/lib/python3.6/site-packages:${PYTHONPATH} /usr/bin/cmake --build /home/orthrus1-1/orthrus1-1/build/motor -- -j4 -l4
