[0.033s] Invoking command in '/home/orthrus1-1/orthrus1-1/build/motor': AMENT_PREFIX_PATH=/home/orthrus1-1/orthrus1-1/install/message:${AMENT_PREFIX_PATH} CMAKE_PREFIX_PATH=/home/orthrus1-1/orthrus1-1/install/message:/opt/ros/dashing LD_LIBRARY_PATH=/home/orthrus1-1/orthrus1-1/install/message/lib:${LD_LIBRARY_PATH} PYTHONPATH=/home/orthrus1-1/orthrus1-1/install/message/lib/python3.6/site-packages:${PYTHONPATH} /usr/bin/cmake --build /home/orthrus1-1/orthrus1-1/build/motor -- -j4 -l4
[0.194s] [35m[1mScanning dependencies of target motor_carryout[0m
[0.249s] [ 50%] Built target check
[0.292s] [ 75%] [32mBuilding CXX object CMakeFiles/motor_carryout.dir/src/motor_carryout.cpp.o[0m
[3.755s] [01m[K/home/orthrus1-1/orthrus1-1/src/motor/src/motor_carryout.cpp:39:26:[m[K [01;31m[Kerror: [m[Kâ€˜[01m[Kstd_msgs[m[Kâ€™ was not declared in this scope
[3.756s]      rclcpp::Subscription<[01;31m[Kstd_msgs[m[K::msg::Motor_carryout>::SharedPtr subscription_;};
[3.757s] 
[3.757s]                           [01;31m[K^~~~~~~~[m[K
[3.761s] [01m[K/home/orthrus1-1/orthrus1-1/src/motor/src/motor_carryout.cpp:39:55:[m[K [01;31m[Kerror: [m[Ktemplate argument 1 is invalid
[3.762s]      rclcpp::Subscription<std_msgs::msg::Motor_carryout[01;31m[K>[m[K::SharedPtr subscription_;};
[3.763s] 
[3.763s]                                                        [01;31m[K^[m[K
[3.764s] [01m[K/home/orthrus1-1/orthrus1-1/src/motor/src/motor_carryout.cpp:39:58:[m[K [01;31m[Kerror: [m[Kexpected â€˜[01m[K;[m[Kâ€™ at end of member declaration
[3.764s]      rclcpp::Subscription<std_msgs::msg::Motor_carryout>::[01;31m[KSharedPtr[m[K subscription_;};
[3.765s] 
[3.765s]                                                           [01;31m[K^~~~~~~~~[m[K
[3.770s] [01m[K/home/orthrus1-1/orthrus1-1/src/motor/src/motor_carryout.cpp:39:68:[m[K [01;31m[Kerror: [m[Kâ€˜[01m[Ksubscription_[m[Kâ€™ does not name a type; did you mean â€˜[01m[Krcl_subscription_t[m[Kâ€™?
[3.771s]      rclcpp::Subscription<std_msgs::msg::Motor_carryout>::SharedPtr [01;31m[Ksubscription_[m[K;};
[3.771s] 
[3.772s]                                                                     [01;31m[K^~~~~~~~~~~~~[m[K
[3.772s]                                                                     [32m[Krcl_subscription_t[m[K
[3.773s] [01m[K/home/orthrus1-1/orthrus1-1/src/motor/src/motor_carryout.cpp:[m[K In constructor â€˜[01m[Kmotor_carryout::motor_carryout()[m[Kâ€™:
[3.774s] [01m[K/home/orthrus1-1/orthrus1-1/src/motor/src/motor_carryout.cpp:27:7:[m[K [01;31m[Kerror: [m[Kâ€˜[01m[Ksubscription_[m[Kâ€™ was not declared in this scope
[3.774s]        [01;31m[Ksubscription_[m[K = this->create_subscription<message::msg::Motorcarryout>(
[3.775s] 
[3.775s]        [01;31m[K^~~~~~~~~~~~~[m[K
[3.780s] [01m[K/home/orthrus1-1/orthrus1-1/src/motor/src/motor_carryout.cpp:27:7:[m[K [01;36m[Knote: [m[Ksuggested alternative: â€˜[01m[Krcl_subscription_t[m[Kâ€™
[3.780s]        [01;36m[Ksubscription_[m[K = this->create_subscription<message::msg::Motorcarryout>(
[3.781s] 
[3.781s]        [01;36m[K^~~~~~~~~~~~~[m[K
[3.782s]        [32m[Krcl_subscription_t[m[K
[3.782s] [01m[K/home/orthrus1-1/orthrus1-1/src/motor/src/motor_carryout.cpp:28:77:[m[K [01;31m[Kerror: [m[Kâ€˜[01m[K_1[m[Kâ€™ was not declared in this scope
[3.783s]        "motor_carryout", 2, std::bind(&motor_carryout::topic_callback, this, [01;31m[K_1[m[K));
[3.784s] 
[3.784s]                                                                              [01;31m[K^~[m[K
[3.785s] [01m[K/home/orthrus1-1/orthrus1-1/src/motor/src/motor_carryout.cpp:28:77:[m[K [01;36m[Knote: [m[Ksuggested alternative:
[3.785s] In file included from [01m[K/home/orthrus1-1/orthrus1-1/src/motor/src/motor_carryout.cpp:12:0[m[K:
[3.786s] [01m[K/usr/include/c++/7/functional:275:34:[m[K [01;36m[Knote: [m[K  â€˜[01m[Kstd::placeholders::_1[m[Kâ€™
[3.786s]      extern const _Placeholder<1> [01;36m[K_1[m[K;
[3.787s]                                   [01;36m[K^~[m[K
[4.377s] make[2]: *** [CMakeFiles/motor_carryout.dir/src/motor_carryout.cpp.o] Error 1
[4.378s] CMakeFiles/motor_carryout.dir/build.make:62: recipe for target 'CMakeFiles/motor_carryout.dir/src/motor_carryout.cpp.o' failed
[4.379s] make[1]: *** [CMakeFiles/motor_carryout.dir/all] Error 2
[4.379s] make: *** [all] Error 2
[4.380s] CMakeFiles/Makefile2:136: recipe for target 'CMakeFiles/motor_carryout.dir/all' failed
[4.380s] Makefile:140: recipe for target 'all' failed
[4.385s] Invoked command in '/home/orthrus1-1/orthrus1-1/build/motor' returned '2': AMENT_PREFIX_PATH=/home/orthrus1-1/orthrus1-1/install/message:${AMENT_PREFIX_PATH} CMAKE_PREFIX_PATH=/home/orthrus1-1/orthrus1-1/install/message:/opt/ros/dashing LD_LIBRARY_PATH=/home/orthrus1-1/orthrus1-1/install/message/lib:${LD_LIBRARY_PATH} PYTHONPATH=/home/orthrus1-1/orthrus1-1/install/message/lib/python3.6/site-packages:${PYTHONPATH} /usr/bin/cmake --build /home/orthrus1-1/orthrus1-1/build/motor -- -j4 -l4
