[0.058s] Invoking command in '/home/orthrus1-1/orthrus1-1/build/message': CMAKE_PREFIX_PATH=/opt/ros/dashing /usr/bin/cmake --build /home/orthrus1-1/orthrus1-1/build/message -- -j4 -l4
[0.164s] -- Found ament_cmake: 0.7.6 (/opt/ros/dashing/share/ament_cmake/cmake)
[0.270s] -- Found PythonInterp: /usr/bin/python3 (found suitable version "3.6.9", minimum required is "3") 
[0.271s] -- Using PYTHON_EXECUTABLE: /usr/bin/python3
[1.180s] -- Found builtin_interfaces: 0.7.4 (/opt/ros/dashing/share/builtin_interfaces/cmake)
[1.210s] -- Found rosidl_adapter: 0.7.10 (/opt/ros/dashing/share/rosidl_adapter/cmake)
[1.313s] -- Found geometry_msgs: 0.7.0 (/opt/ros/dashing/share/geometry_msgs/cmake)
[1.354s] -- Found rosidl_default_generators: 0.7.0 (/opt/ros/dashing/share/rosidl_default_generators/cmake)
[1.809s] -- Found PrismTech OpenSplice: /usr/share/opensplice/cmake
[2.002s] -- Found PythonInterp: /usr/bin/python3 (found version "3.6.9") 
[2.551s] CMake Error at /opt/ros/dashing/share/rosidl_adapter/cmake/rosidl_adapt_interfaces.cmake:60 (message):
[2.552s]   execute_process(/usr/bin/python3 -m rosidl_adapter --package-name message
[2.553s]   --arguments-file
[2.553s]   /home/orthrus1-1/orthrus1-1/build/message/rosidl_adapter__arguments__message.json
[2.554s]   --output-dir
[2.554s]   /home/orthrus1-1/orthrus1-1/build/message/rosidl_adapter/message
[2.555s]   --output-file
[2.555s]   /home/orthrus1-1/orthrus1-1/build/message/rosidl_adapter/message.idls)
[2.555s]   returned error code 1:
[2.556s] 
[2.557s]   Error processing 'float32 T_lf_1' of 'message/Motorcarryout': 'the field
[2.557s]   name 'T_lf_1' is not valid'
[2.558s] 
[2.558s]   Traceback (most recent call last):
[2.559s] 
[2.559s]     File "/usr/lib/python3.6/runpy.py", line 193, in _run_module_as_main
[2.560s]       "__main__", mod_spec)
[2.560s]     File "/usr/lib/python3.6/runpy.py", line 85, in _run_code
[2.561s]       exec(code, run_globals)
[2.561s]     File "/opt/ros/dashing/lib/python3.6/site-packages/rosidl_adapter/__main__.py", line 19, in <module>
[2.562s]       sys.exit(main())
[2.562s]     File "/opt/ros/dashing/lib/python3.6/site-packages/rosidl_adapter/main.py", line 55, in main
[2.563s]       pathlib.Path(relative_path), output_dir)
[2.563s]     File "/opt/ros/dashing/lib/python3.6/site-packages/rosidl_adapter/__init__.py", line 20, in convert_to_idl
[2.564s]       package_dir, package_name, interface_file, output_dir / 'msg')
[2.565s]     File "/opt/ros/dashing/lib/python3.6/site-packages/rosidl_adapter/msg/__init__.py", line 28, in convert_msg_to_idl
[2.565s]       msg = parse_message_string(package_name, input_file.stem, content)
[2.566s]     File "/opt/ros/dashing/lib/python3.6/site-packages/rosidl_adapter/parser.py", line 505, in parse_message_string
[2.566s]       field_name, default_value_string))
[2.567s]     File "/opt/ros/dashing/lib/python3.6/site-packages/rosidl_adapter/parser.py", line 346, in __init__
[2.567s]       raise NameError("the field name '%s' is not valid" % name)
[2.568s] 
[2.569s]   NameError: the field name 'T_lf_1' is not valid
[2.570s] 
[2.570s] Call Stack (most recent call first):
[2.571s]   /opt/ros/dashing/share/rosidl_cmake/cmake/rosidl_generate_interfaces.cmake:130 (rosidl_adapt_interfaces)
[2.572s]   CMakeLists.txt:30 (rosidl_generate_interfaces)
[2.573s] 
[2.574s] 
[2.574s] -- Configuring incomplete, errors occurred!
[2.575s] See also "/home/orthrus1-1/orthrus1-1/build/message/CMakeFiles/CMakeOutput.log".
[2.575s] Makefile:1400: recipe for target 'cmake_check_build_system' failed
[2.576s] make: *** [cmake_check_build_system] Error 1
[2.579s] Invoked command in '/home/orthrus1-1/orthrus1-1/build/message' returned '2': CMAKE_PREFIX_PATH=/opt/ros/dashing /usr/bin/cmake --build /home/orthrus1-1/orthrus1-1/build/message -- -j4 -l4
