[0.070s] Invoking command in '/home/orthrus1-1/orthrus1-1/build/motor': CMAKE_PREFIX_PATH=/opt/ros/dashing /usr/bin/cmake --build /home/orthrus1-1/orthrus1-1/build/motor -- -j4 -l4
[0.161s] -- Found ament_cmake: 0.7.5 (/opt/ros/dashing/share/ament_cmake/cmake)
[0.285s] -- Using PYTHON_EXECUTABLE: /usr/bin/python3
[1.241s] -- Found rclcpp: 0.7.14 (/opt/ros/dashing/share/rclcpp/cmake)
[1.288s] -- Found rosidl_adapter: 0.7.9 (/opt/ros/dashing/share/rosidl_adapter/cmake)
[1.408s] -- Found rmw_implementation_cmake: 0.7.2 (/opt/ros/dashing/share/rmw_implementation_cmake/cmake)
[1.414s] -- Using RMW implementation 'rmw_fastrtps_cpp' as default
[1.506s] -- Found std_msgs: 0.7.0 (/opt/ros/dashing/share/std_msgs/cmake)
[1.563s] -- Found ament_lint_auto: 0.7.12 (/opt/ros/dashing/share/ament_lint_auto/cmake)
[1.862s] -- Added test 'copyright' to check for copyright in CMake / C / C++ / Python code
[1.867s] -- Added test 'cppcheck' to perform static code analysis on C / C++ code
[1.867s] -- Configured cppcheck include dirs: /home/orthrus1-1/orthrus1-1/src/motor/lib/unitree_motor_ctrl
[1.872s] -- Added test 'cpplint' to check C / C++ code against the Google style
[1.874s] -- Added test 'lint_cmake' to check CMake code style
[1.879s] -- Added test 'uncrustify' to check C / C++ code style
[1.881s] -- Added test 'xmllint' to check XML markup files
[1.889s] -- Configuring done
[1.926s] -- Generating done
[1.931s] -- Build files have been written to: /home/orthrus1-1/orthrus1-1/build/motor
[2.015s] [35m[1mScanning dependencies of target check[0m
[2.103s] [ 50%] [32mBuilding CXX object CMakeFiles/check.dir/src/check.cpp.o[0m
[2.366s] [01m[K/home/orthrus1-1/orthrus1-1/src/motor/src/check.cpp:9:10:[m[K [01;31m[Kfatal error: [m[KLSerial.h: No such file or directory
[2.367s]  #include [01;31m[K"LSerial.h"[m[K    //‰∏≤Âè£ÈÄö‰ø°ÂáΩÊï∞
[2.367s]           [01;31m[K^~~~~~~~~~~[m[K
[2.368s] compilation terminated.
[2.376s] CMakeFiles/check.dir/build.make:62: recipe for target 'CMakeFiles/check.dir/src/check.cpp.o' failed
[2.377s] make[2]: *** [CMakeFiles/check.dir/src/check.cpp.o] Error 1
[2.377s] CMakeFiles/Makefile2:67: recipe for target 'CMakeFiles/check.dir/all' failed
[2.378s] make[1]: *** [CMakeFiles/check.dir/all] Error 2
[2.378s] Makefile:140: recipe for target 'all' failed
[2.379s] make: *** [all] Error 2
[2.383s] Invoked command in '/home/orthrus1-1/orthrus1-1/build/motor' returned '2': CMAKE_PREFIX_PATH=/opt/ros/dashing /usr/bin/cmake --build /home/orthrus1-1/orthrus1-1/build/motor -- -j4 -l4
