-- Found ament_cmake: 0.7.5 (/opt/ros/dashing/share/ament_cmake/cmake)
-- Using PYTHON_EXECUTABLE: /usr/bin/python3
-- Found rclcpp: 0.7.14 (/opt/ros/dashing/share/rclcpp/cmake)
-- Found rosidl_adapter: 0.7.9 (/opt/ros/dashing/share/rosidl_adapter/cmake)
-- Found rmw_implementation_cmake: 0.7.2 (/opt/ros/dashing/share/rmw_implementation_cmake/cmake)
-- Using RMW implementation 'rmw_fastrtps_cpp' as default
-- Found std_msgs: 0.7.0 (/opt/ros/dashing/share/std_msgs/cmake)
-- Found ament_lint_auto: 0.7.12 (/opt/ros/dashing/share/ament_lint_auto/cmake)
-- Added test 'copyright' to check for copyright in CMake / C / C++ / Python code
-- Added test 'cppcheck' to perform static code analysis on C / C++ code
-- Configured cppcheck include dirs: /home/orthrus1-1/orthrus1-1/src/motor/include/unitree_motor_ctrl
-- Added test 'cpplint' to check C / C++ code against the Google style
-- Added test 'lint_cmake' to check CMake code style
-- Added test 'uncrustify' to check C / C++ code style
-- Added test 'xmllint' to check XML markup files
-- Configuring done
-- Generating done
-- Build files have been written to: /home/orthrus1-1/orthrus1-1/build/motor
[35m[1mScanning dependencies of target check[0m
[ 50%] [32mBuilding CXX object CMakeFiles/check.dir/src/check.cpp.o[0m
[100%] [32m[1mLinking CXX executable check[0m
/usr/bin/ld: cannot find -lUnitree_motor_SDK_ARM64
collect2: error: ld returned 1 exit status
make[2]: *** [check] Error 1
CMakeFiles/check.dir/build.make:134: recipe for target 'check' failed
CMakeFiles/Makefile2:67: recipe for target 'CMakeFiles/check.dir/all' failed
make[1]: *** [CMakeFiles/check.dir/all] Error 2
make: *** [all] Error 2
Makefile:140: recipe for target 'all' failed
