[01m[K/home/orthrus1-1/orthrus1-1/src/motor/src/motor_carryout.cpp:[m[K In function â€˜[01m[Kvoid carryout_()[m[Kâ€™:
[01m[K/home/orthrus1-1/orthrus1-1/src/motor/src/motor_carryout.cpp:59:13:[m[K [01;31m[Kerror: [m[Kâ€˜[01m[Kfd1[m[Kâ€™ was not declared in this scope
   send_recv([01;31m[Kfd1[m[K, &motor_LF_s1, &motor_LF_r1);

             [01;31m[K^~~[m[K
[01m[K/home/orthrus1-1/orthrus1-1/src/motor/src/motor_carryout.cpp:63:13:[m[K [01;31m[Kerror: [m[Kâ€˜[01m[Kfd2[m[Kâ€™ was not declared in this scope
   send_recv([01;31m[Kfd2[m[K, &motor_RF_s1, &motor_RF_r1);

             [01;31m[K^~~[m[K
[01m[K/home/orthrus1-1/orthrus1-1/src/motor/src/motor_carryout.cpp:67:13:[m[K [01;31m[Kerror: [m[Kâ€˜[01m[Kfd3[m[Kâ€™ was not declared in this scope
   send_recv([01;31m[Kfd3[m[K, &motor_LB_s1, &motor_LB_r1);

             [01;31m[K^~~[m[K
[01m[K/home/orthrus1-1/orthrus1-1/src/motor/src/motor_carryout.cpp:71:13:[m[K [01;31m[Kerror: [m[Kâ€˜[01m[Kfd4[m[Kâ€™ was not declared in this scope
   send_recv([01;31m[Kfd4[m[K, &motor_RB_s1, &motor_RB_r1);

             [01;31m[K^~~[m[K
make[2]: *** [CMakeFiles/motor_carryout.dir/src/motor_carryout.cpp.o] Error 1
make[1]: *** [CMakeFiles/motor_carryout.dir/all] Error 2
make: *** [all] Error 2
