[0.034s] Invoking command in '/home/orthrus1-1/orthrus1-1/build/motor': AMENT_PREFIX_PATH=/home/orthrus1-1/orthrus1-1/install/message:${AMENT_PREFIX_PATH} CMAKE_PREFIX_PATH=/home/orthrus1-1/orthrus1-1/install/message:/opt/ros/dashing LD_LIBRARY_PATH=/home/orthrus1-1/orthrus1-1/install/message/lib:${LD_LIBRARY_PATH} PYTHONPATH=/home/orthrus1-1/orthrus1-1/install/message/lib/python3.6/site-packages:${PYTHONPATH} /usr/bin/cmake --build /home/orthrus1-1/orthrus1-1/build/motor -- -j4 -l4
[0.193s] [35m[1mScanning dependencies of target motor_carryout[0m
[0.246s] [ 50%] Built target check
[0.291s] [ 75%] [32mBuilding CXX object CMakeFiles/motor_carryout.dir/src/motor_carryout.cpp.o[0m
[3.770s] [01m[K/home/orthrus1-1/orthrus1-1/src/motor/src/motor_carryout.cpp:[m[K In function â€˜[01m[Kvoid carryout_()[m[Kâ€™:
[3.771s] [01m[K/home/orthrus1-1/orthrus1-1/src/motor/src/motor_carryout.cpp:59:13:[m[K [01;31m[Kerror: [m[Kâ€˜[01m[Kfd1[m[Kâ€™ was not declared in this scope
[3.772s]    send_recv([01;31m[Kfd1[m[K, &motor_LF_s1, &motor_LF_r1);
[3.773s] 
[3.773s]              [01;31m[K^~~[m[K
[3.774s] [01m[K/home/orthrus1-1/orthrus1-1/src/motor/src/motor_carryout.cpp:63:13:[m[K [01;31m[Kerror: [m[Kâ€˜[01m[Kfd2[m[Kâ€™ was not declared in this scope
[3.775s]    send_recv([01;31m[Kfd2[m[K, &motor_RF_s1, &motor_RF_r1);
[3.776s] 
[3.776s]              [01;31m[K^~~[m[K
[3.777s] [01m[K/home/orthrus1-1/orthrus1-1/src/motor/src/motor_carryout.cpp:67:13:[m[K [01;31m[Kerror: [m[Kâ€˜[01m[Kfd3[m[Kâ€™ was not declared in this scope
[3.778s]    send_recv([01;31m[Kfd3[m[K, &motor_LB_s1, &motor_LB_r1);
[3.779s] 
[3.779s]              [01;31m[K^~~[m[K
[3.780s] [01m[K/home/orthrus1-1/orthrus1-1/src/motor/src/motor_carryout.cpp:71:13:[m[K [01;31m[Kerror: [m[Kâ€˜[01m[Kfd4[m[Kâ€™ was not declared in this scope
[3.781s]    send_recv([01;31m[Kfd4[m[K, &motor_RB_s1, &motor_RB_r1);
[3.781s] 
[3.782s]              [01;31m[K^~~[m[K
[6.274s] CMakeFiles/motor_carryout.dir/build.make:62: recipe for target 'CMakeFiles/motor_carryout.dir/src/motor_carryout.cpp.o' failed
[6.275s] make[2]: *** [CMakeFiles/motor_carryout.dir/src/motor_carryout.cpp.o] Error 1
[6.275s] CMakeFiles/Makefile2:136: recipe for target 'CMakeFiles/motor_carryout.dir/all' failed
[6.276s] make[1]: *** [CMakeFiles/motor_carryout.dir/all] Error 2
[6.276s] Makefile:140: recipe for target 'all' failed
[6.277s] make: *** [all] Error 2
[6.281s] Invoked command in '/home/orthrus1-1/orthrus1-1/build/motor' returned '2': AMENT_PREFIX_PATH=/home/orthrus1-1/orthrus1-1/install/message:${AMENT_PREFIX_PATH} CMAKE_PREFIX_PATH=/home/orthrus1-1/orthrus1-1/install/message:/opt/ros/dashing LD_LIBRARY_PATH=/home/orthrus1-1/orthrus1-1/install/message/lib:${LD_LIBRARY_PATH} PYTHONPATH=/home/orthrus1-1/orthrus1-1/install/message/lib/python3.6/site-packages:${PYTHONPATH} /usr/bin/cmake --build /home/orthrus1-1/orthrus1-1/build/motor -- -j4 -l4
