[0.031s] Invoking command in '/home/orthrus1-1/orthrus1-1/build/motor': AMENT_PREFIX_PATH=/home/orthrus1-1/orthrus1-1/install/message:${AMENT_PREFIX_PATH} CMAKE_PREFIX_PATH=/home/orthrus1-1/orthrus1-1/install/message:/opt/ros/dashing LD_LIBRARY_PATH=/home/orthrus1-1/orthrus1-1/install/message/lib:${LD_LIBRARY_PATH} PYTHONPATH=/home/orthrus1-1/orthrus1-1/install/message/lib/python3.6/site-packages:${PYTHONPATH} /usr/bin/cmake --build /home/orthrus1-1/orthrus1-1/build/motor -- -j4 -l4
[0.240s] [ 75%] [32mBuilding CXX object CMakeFiles/motor_carryout.dir/src/motor_carryout.cpp.o[0m
[0.241s] [ 75%] Built target check
[0.518s] [01m[K/home/orthrus1-1/orthrus1-1/src/motor/src/motor_carryout.cpp:61:8:[m[K [01;35m[Kwarning: [m[K"/*" within comment [[01;35m[K-Wcomment[m[K]
[0.519s]        //* auto message = std_msgs::msg::String();
[0.519s] 
[0.520s]          
[0.520s] [01m[K/home/orthrus1-1/orthrus1-1/src/motor/src/motor_carryout.cpp:62:8:[m[K [01;35m[Kwarning: [m[K"/*" within comment [[01;35m[K-Wcomment[m[K]
[0.521s]        //* message.data = "Hello, world! " + std::to_string(count_++);
[0.521s] 
[0.522s]          
[0.522s] [01m[K/home/orthrus1-1/orthrus1-1/src/motor/src/motor_carryout.cpp:63:8:[m[K [01;35m[Kwarning: [m[K"/*" within comment [[01;35m[K-Wcomment[m[K]
[0.523s]        //* RCLCPP_INFO(this->get_logger(), "Publishing: '%s'", message.data.c_str());
[0.523s] 
[0.523s]          
[0.524s] [01m[K/home/orthrus1-1/orthrus1-1/src/motor/src/motor_carryout.cpp:64:8:[m[K [01;35m[Kwarning: [m[K"/*" within comment [[01;35m[K-Wcomment[m[K]
[0.524s]        //* publisher_->publish(message);
[0.525s] 
[0.525s]          
[3.717s] [01m[K/home/orthrus1-1/orthrus1-1/src/motor/src/motor_carryout.cpp:34:45:[m[K [01;31m[Kerror: [m[Kâ€˜[01m[Kmotorcarryout[m[Kâ€™ in namespace â€˜[01m[Kmessage::msg[m[Kâ€™ does not name a type
[3.718s]      void topic_callback(const message::msg::[01;31m[Kmotorcarryout[m[K::SharedPtr msg) const
[3.719s] 
[3.719s]                                              [01;31m[K^~~~~~~~~~~~~[m[K
[3.720s] [01m[K/home/orthrus1-1/orthrus1-1/src/motor/src/motor_carryout.cpp:34:70:[m[K [01;31m[Kerror: [m[Kexpected unqualified-id before â€˜[01m[Kmsg[m[Kâ€™
[3.720s]      void topic_callback(const message::msg::motorcarryout::SharedPtr [01;31m[Kmsg[m[K) const
[3.721s] 
[3.722s]                                                                       [01;31m[K^~~[m[K
[3.723s] [01m[K/home/orthrus1-1/orthrus1-1/src/motor/src/motor_carryout.cpp:34:70:[m[K [01;31m[Kerror: [m[Kexpected â€˜[01m[K)[m[Kâ€™ before â€˜[01m[Kmsg[m[Kâ€™
[3.723s] [01m[K/home/orthrus1-1/orthrus1-1/src/motor/src/motor_carryout.cpp:34:60:[m[K [01;31m[Kerror: [m[Kexpected â€˜[01m[K;[m[Kâ€™ at end of member declaration
[3.724s]      void topic_callback(const message::msg::motorcarryout::[01;31m[KSharedPtr[m[K msg) const
[3.725s] 
[3.725s]                                                             [01;31m[K^~~~~~~~~[m[K
[3.726s] [01m[K/home/orthrus1-1/orthrus1-1/src/motor/src/motor_carryout.cpp:34:70:[m[K [01;31m[Kerror: [m[Kâ€˜[01m[Kmsg[m[Kâ€™ does not name a type
[3.727s]      void topic_callback(const message::msg::motorcarryout::SharedPtr [01;31m[Kmsg[m[K) const
[3.727s] 
[3.728s]                                                                       [01;31m[K^~~[m[K
[3.729s] [01m[K/home/orthrus1-1/orthrus1-1/src/motor/src/motor_carryout.cpp:38:26:[m[K [01;31m[Kerror: [m[Kâ€˜[01m[Kstd_msgs[m[Kâ€™ was not declared in this scope
[3.730s]      rclcpp::Subscription<[01;31m[Kstd_msgs[m[K::msg::Motor_carryout>::SharedPtr subscription_;};
[3.730s] 
[3.731s]                           [01;31m[K^~~~~~~~[m[K
[3.731s] [01m[K/home/orthrus1-1/orthrus1-1/src/motor/src/motor_carryout.cpp:38:55:[m[K [01;31m[Kerror: [m[Ktemplate argument 1 is invalid
[3.732s]      rclcpp::Subscription<std_msgs::msg::Motor_carryout[01;31m[K>[m[K::SharedPtr subscription_;};
[3.732s] 
[3.733s]                                                        [01;31m[K^[m[K
[3.733s] [01m[K/home/orthrus1-1/orthrus1-1/src/motor/src/motor_carryout.cpp:38:58:[m[K [01;31m[Kerror: [m[Kexpected â€˜[01m[K;[m[Kâ€™ at end of member declaration
[3.734s]      rclcpp::Subscription<std_msgs::msg::Motor_carryout>::[01;31m[KSharedPtr[m[K subscription_;};
[3.735s] 
[3.735s]                                                           [01;31m[K^~~~~~~~~[m[K
[3.736s] [01m[K/home/orthrus1-1/orthrus1-1/src/motor/src/motor_carryout.cpp:38:68:[m[K [01;31m[Kerror: [m[Kâ€˜[01m[Ksubscription_[m[Kâ€™ does not name a type; did you mean â€˜[01m[Krcl_subscription_t[m[Kâ€™?
[3.737s]      rclcpp::Subscription<std_msgs::msg::Motor_carryout>::SharedPtr [01;31m[Ksubscription_[m[K;};
[3.737s] 
[3.738s]                                                                     [01;31m[K^~~~~~~~~~~~~[m[K
[3.739s]                                                                     [32m[Krcl_subscription_t[m[K
[3.739s] [01m[K/home/orthrus1-1/orthrus1-1/src/motor/src/motor_carryout.cpp:[m[K In constructor â€˜[01m[Kmotor_carryout::motor_carryout()[m[Kâ€™:
[3.740s] [01m[K/home/orthrus1-1/orthrus1-1/src/motor/src/motor_carryout.cpp:26:7:[m[K [01;31m[Kerror: [m[Kâ€˜[01m[Ksubscription_[m[Kâ€™ was not declared in this scope
[3.740s]        [01;31m[Ksubscription_[m[K = this->create_subscription<message::msg::motorcarryout>(
[3.741s] 
[3.741s]        [01;31m[K^~~~~~~~~~~~~[m[K
[3.746s] [01m[K/home/orthrus1-1/orthrus1-1/src/motor/src/motor_carryout.cpp:26:7:[m[K [01;36m[Knote: [m[Ksuggested alternative: â€˜[01m[Krcl_subscription_t[m[Kâ€™
[3.746s]        [01;36m[Ksubscription_[m[K = this->create_subscription<message::msg::motorcarryout>(
[3.747s] 
[3.747s]        [01;36m[K^~~~~~~~~~~~~[m[K
[3.748s]        [32m[Krcl_subscription_t[m[K
[3.748s] [01m[K/home/orthrus1-1/orthrus1-1/src/motor/src/motor_carryout.cpp:26:63:[m[K [01;31m[Kerror: [m[Kâ€˜[01m[Kmotorcarryout[m[Kâ€™ is not a member of â€˜[01m[Kmessage::msg[m[Kâ€™
[3.749s]        subscription_ = this->create_subscription<message::msg::[01;31m[Kmotorcarryout[m[K>(
[3.749s] 
[3.750s]                                                                [01;31m[K^~~~~~~~~~~~~[m[K
[3.750s] [01m[K/home/orthrus1-1/orthrus1-1/src/motor/src/motor_carryout.cpp:26:63:[m[K [01;36m[Knote: [m[Ksuggested alternative: â€˜[01m[KMotorcarryout[m[Kâ€™
[3.751s]        subscription_ = this->create_subscription<message::msg::[01;36m[Kmotorcarryout[m[K>(
[3.751s] 
[3.752s]                                                                [01;36m[K^~~~~~~~~~~~~[m[K
[3.752s]                                                                [32m[KMotorcarryout[m[K
[3.753s] [01m[K/home/orthrus1-1/orthrus1-1/src/motor/src/motor_carryout.cpp:26:63:[m[K [01;31m[Kerror: [m[Kâ€˜[01m[Kmotorcarryout[m[Kâ€™ is not a member of â€˜[01m[Kmessage::msg[m[Kâ€™
[3.754s] [01m[K/home/orthrus1-1/orthrus1-1/src/motor/src/motor_carryout.cpp:26:63:[m[K [01;36m[Knote: [m[Ksuggested alternative: â€˜[01m[KMotorcarryout[m[Kâ€™
[3.754s]        subscription_ = this->create_subscription<message::msg::[01;36m[Kmotorcarryout[m[K>(
[3.755s] 
[3.755s]                                                                [01;36m[K^~~~~~~~~~~~~[m[K
[3.756s]                                                                [32m[KMotorcarryout[m[K
[3.756s] [01m[K/home/orthrus1-1/orthrus1-1/src/motor/src/motor_carryout.cpp:27:77:[m[K [01;31m[Kerror: [m[Kâ€˜[01m[K_1[m[Kâ€™ was not declared in this scope
[3.757s]        "motor_carryout", 2, std::bind(&motor_carryout::topic_callback, this, [01;31m[K_1[m[K));
[3.757s] 
[3.758s]                                                                              [01;31m[K^~[m[K
[3.758s] [01m[K/home/orthrus1-1/orthrus1-1/src/motor/src/motor_carryout.cpp:27:77:[m[K [01;36m[Knote: [m[Ksuggested alternative:
[3.759s] In file included from [01m[K/home/orthrus1-1/orthrus1-1/src/motor/src/motor_carryout.cpp:12:0[m[K:
[3.759s] [01m[K/usr/include/c++/7/functional:275:34:[m[K [01;36m[Knote: [m[K  â€˜[01m[Kstd::placeholders::_1[m[Kâ€™
[3.760s]      extern const _Placeholder<1> [01;36m[K_1[m[K;
[3.760s]                                   [01;36m[K^~[m[K
[4.333s] CMakeFiles/motor_carryout.dir/build.make:62: recipe for target 'CMakeFiles/motor_carryout.dir/src/motor_carryout.cpp.o' failed
[4.334s] make[2]: *** [CMakeFiles/motor_carryout.dir/src/motor_carryout.cpp.o] Error 1
[4.335s] CMakeFiles/Makefile2:136: recipe for target 'CMakeFiles/motor_carryout.dir/all' failed
[4.335s] make[1]: *** [CMakeFiles/motor_carryout.dir/all] Error 2
[4.336s] Makefile:140: recipe for target 'all' failed
[4.337s] make: *** [all] Error 2
[4.463s] Invoked command in '/home/orthrus1-1/orthrus1-1/build/motor' returned '2': AMENT_PREFIX_PATH=/home/orthrus1-1/orthrus1-1/install/message:${AMENT_PREFIX_PATH} CMAKE_PREFIX_PATH=/home/orthrus1-1/orthrus1-1/install/message:/opt/ros/dashing LD_LIBRARY_PATH=/home/orthrus1-1/orthrus1-1/install/message/lib:${LD_LIBRARY_PATH} PYTHONPATH=/home/orthrus1-1/orthrus1-1/install/message/lib/python3.6/site-packages:${PYTHONPATH} /usr/bin/cmake --build /home/orthrus1-1/orthrus1-1/build/motor -- -j4 -l4
