[0.033s] Invoking command in '/home/orthrus1-1/orthrus1-1/build/motor': AMENT_PREFIX_PATH=/home/orthrus1-1/orthrus1-1/install/message:${AMENT_PREFIX_PATH} CMAKE_PREFIX_PATH=/home/orthrus1-1/orthrus1-1/install/message:/opt/ros/dashing LD_LIBRARY_PATH=/home/orthrus1-1/orthrus1-1/install/message/lib:${LD_LIBRARY_PATH} PYTHONPATH=/home/orthrus1-1/orthrus1-1/install/message/lib/python3.6/site-packages:${PYTHONPATH} /usr/bin/cmake --build /home/orthrus1-1/orthrus1-1/build/motor -- -j4 -l4
[0.192s] [35m[1mScanning dependencies of target motor_carryout[0m
[0.193s] [35m[1mScanning dependencies of target check[0m
[0.289s] [ 25%] [32mBuilding CXX object CMakeFiles/check.dir/src/check.cpp.o[0m
[0.291s] [ 50%] [32mBuilding CXX object CMakeFiles/motor_carryout.dir/src/motor_carryout.cpp.o[0m
[4.070s] [01m[K/home/orthrus1-1/orthrus1-1/src/motor/src/motor_carryout.cpp:[m[K In constructor â€˜[01m[Kmotor_carryout::motor_carryout()[m[Kâ€™:
[4.071s] [01m[K/home/orthrus1-1/orthrus1-1/src/motor/src/motor_carryout.cpp:47:70:[m[K [01;31m[Kerror: [m[Kno matching function for call to â€˜[01m[Kmotor_carryout::topic_callback()[m[Kâ€™
[4.071s]        "motor_carryout", 2, std::bind(&motor_carryout::topic_callback([01;31m[K)[m[K, this, _1));
[4.072s] 
[4.073s]                                                                       [01;31m[K^[m[K
[4.073s] [01m[K/home/orthrus1-1/orthrus1-1/src/motor/src/motor_carryout.cpp:54:10:[m[K [01;36m[Knote: [m[Kcandidate: void motor_carryout::topic_callback(message::msg::Motorcarryout_<std::allocator<void> >::SharedPtr) const
[4.074s]      void [01;36m[Ktopic_callback[m[K(const message::msg::Motorcarryout::SharedPtr msg) const
[4.075s] 
[4.075s]           [01;36m[K^~~~~~~~~~~~~~[m[K
[4.076s] [01m[K/home/orthrus1-1/orthrus1-1/src/motor/src/motor_carryout.cpp:54:10:[m[K [01;36m[Knote: [m[K  candidate expects 1 argument, 0 provided
[4.660s] [ 75%] [32m[1mLinking CXX executable check[0m
[4.740s] make[2]: *** [CMakeFiles/motor_carryout.dir/src/motor_carryout.cpp.o] Error 1
[4.741s] CMakeFiles/motor_carryout.dir/build.make:62: recipe for target 'CMakeFiles/motor_carryout.dir/src/motor_carryout.cpp.o' failed
[4.742s] CMakeFiles/Makefile2:136: recipe for target 'CMakeFiles/motor_carryout.dir/all' failed
[4.742s] make[1]: *** [CMakeFiles/motor_carryout.dir/all] Error 2
[4.743s] make[1]: *** Waiting for unfinished jobs....
[5.040s] [ 75%] Built target check
[5.043s] Makefile:140: recipe for target 'all' failed
[5.044s] make: *** [all] Error 2
[5.049s] Invoked command in '/home/orthrus1-1/orthrus1-1/build/motor' returned '2': AMENT_PREFIX_PATH=/home/orthrus1-1/orthrus1-1/install/message:${AMENT_PREFIX_PATH} CMAKE_PREFIX_PATH=/home/orthrus1-1/orthrus1-1/install/message:/opt/ros/dashing LD_LIBRARY_PATH=/home/orthrus1-1/orthrus1-1/install/message/lib:${LD_LIBRARY_PATH} PYTHONPATH=/home/orthrus1-1/orthrus1-1/install/message/lib/python3.6/site-packages:${PYTHONPATH} /usr/bin/cmake --build /home/orthrus1-1/orthrus1-1/build/motor -- -j4 -l4
