[0.036s] Invoking command in '/home/orthrus1-1/orthrus1-1/build/motor': CMAKE_PREFIX_PATH=/home/orthrus1-1/orthrus1-1/install/message:/home/orthrus1-1/orthrus1-1/install/motor:/opt/ros/dashing LD_LIBRARY_PATH=/home/orthrus1-1/orthrus1-1/install/message/lib:/home/orthrus1-1/orthrus1-1/install/motor/lib:/opt/ros/dashing/opt/yaml_cpp_vendor/lib:/opt/ros/dashing/opt/rviz_ogre_vendor/lib:/usr/lib:/opt/ros/dashing/lib /usr/bin/cmake --build /home/orthrus1-1/orthrus1-1/build/motor -- -j4 -l4
[0.199s] [35m[1mScanning dependencies of target motor_carryout[0m
[0.252s] [ 50%] Built target check
[0.298s] [ 75%] [32mBuilding CXX object CMakeFiles/motor_carryout.dir/src/motor_carryout.cpp.o[0m
[0.570s] [01m[K/home/orthrus1-1/orthrus1-1/src/motor/src/motor_carryout.cpp:61:8:[m[K [01;35m[Kwarning: [m[K"/*" within comment [[01;35m[K-Wcomment[m[K]
[0.570s]        //* auto message = std_msgs::msg::String();
[0.571s] 
[0.571s]          
[0.572s] [01m[K/home/orthrus1-1/orthrus1-1/src/motor/src/motor_carryout.cpp:62:8:[m[K [01;35m[Kwarning: [m[K"/*" within comment [[01;35m[K-Wcomment[m[K]
[0.572s]        //* message.data = "Hello, world! " + std::to_string(count_++);
[0.573s] 
[0.573s]          
[0.573s] [01m[K/home/orthrus1-1/orthrus1-1/src/motor/src/motor_carryout.cpp:63:8:[m[K [01;35m[Kwarning: [m[K"/*" within comment [[01;35m[K-Wcomment[m[K]
[0.574s]        //* RCLCPP_INFO(this->get_logger(), "Publishing: '%s'", message.data.c_str());
[0.574s] 
[0.575s]          
[0.575s] [01m[K/home/orthrus1-1/orthrus1-1/src/motor/src/motor_carryout.cpp:64:8:[m[K [01;35m[Kwarning: [m[K"/*" within comment [[01;35m[K-Wcomment[m[K]
[0.576s]        //* publisher_->publish(message);
[0.576s] 
[0.577s]          
[3.784s] [01m[K/home/orthrus1-1/orthrus1-1/src/motor/src/motor_carryout.cpp:23:23:[m[K [01;31m[Kerror: [m[KISO C++ forbids declaration of â€˜[01m[KMinimalSubscriber[m[Kâ€™ with no type [[01;31m[K-fpermissive[m[K]
[3.785s]      MinimalSubscriber([01;31m[K)[m[K
[3.786s] 
[3.786s]                        [01;31m[K^[m[K
[3.791s] [01m[K/home/orthrus1-1/orthrus1-1/src/motor/src/motor_carryout.cpp:34:31:[m[K [01;31m[Kerror: [m[Kâ€˜[01m[Kstd_msgs[m[Kâ€™ does not name a type
[3.791s]      void topic_callback(const [01;31m[Kstd_msgs[m[K::msg::String::SharedPtr msg) const
[3.792s] 
[3.793s]                                [01;31m[K^~~~~~~~[m[K
[3.793s] [01m[K/home/orthrus1-1/orthrus1-1/src/motor/src/motor_carryout.cpp:34:44:[m[K [01;31m[Kerror: [m[Kexpected unqualified-id before â€˜[01m[K::[m[Kâ€™ token
[3.794s]      void topic_callback(const std_msgs::msg[01;31m[K::[m[KString::SharedPtr msg) const
[3.794s] 
[3.795s]                                             [01;31m[K^~[m[K
[3.795s] [01m[K/home/orthrus1-1/orthrus1-1/src/motor/src/motor_carryout.cpp:34:44:[m[K [01;31m[Kerror: [m[Kexpected â€˜[01m[K)[m[Kâ€™ before â€˜[01m[K::[m[Kâ€™ token
[3.796s] [01m[K/home/orthrus1-1/orthrus1-1/src/motor/src/motor_carryout.cpp:34:41:[m[K [01;31m[Kerror: [m[Kexpected â€˜[01m[K;[m[Kâ€™ at end of member declaration
[3.797s]      void topic_callback(const std_msgs::[01;31m[Kmsg[m[K::String::SharedPtr msg) const
[3.798s] 
[3.798s]                                          [01;31m[K^~~[m[K
[3.799s] [01m[K/home/orthrus1-1/orthrus1-1/src/motor/src/motor_carryout.cpp:34:46:[m[K [01;31m[Kerror: [m[Kâ€˜[01m[KString[m[Kâ€™ in namespace â€˜[01m[K::[m[Kâ€™ does not name a type
[3.799s]      void topic_callback(const std_msgs::msg::[01;31m[KString[m[K::SharedPtr msg) const
[3.800s] 
[3.800s]                                               [01;31m[K^~~~~~[m[K
[3.801s] [01m[K/home/orthrus1-1/orthrus1-1/src/motor/src/motor_carryout.cpp:38:26:[m[K [01;31m[Kerror: [m[Kâ€˜[01m[Kstd_msgs[m[Kâ€™ was not declared in this scope
[3.801s]      rclcpp::Subscription<[01;31m[Kstd_msgs[m[K::msg::Motor_carryout>::SharedPtr subscription_;};
[3.802s] 
[3.802s]                           [01;31m[K^~~~~~~~[m[K
[3.803s] [01m[K/home/orthrus1-1/orthrus1-1/src/motor/src/motor_carryout.cpp:38:55:[m[K [01;31m[Kerror: [m[Ktemplate argument 1 is invalid
[3.804s]      rclcpp::Subscription<std_msgs::msg::Motor_carryout[01;31m[K>[m[K::SharedPtr subscription_;};
[3.804s] 
[3.805s]                                                        [01;31m[K^[m[K
[3.806s] [01m[K/home/orthrus1-1/orthrus1-1/src/motor/src/motor_carryout.cpp:38:58:[m[K [01;31m[Kerror: [m[Kexpected â€˜[01m[K;[m[Kâ€™ at end of member declaration
[3.806s]      rclcpp::Subscription<std_msgs::msg::Motor_carryout>::[01;31m[KSharedPtr[m[K subscription_;};
[3.807s] 
[3.808s]                                                           [01;31m[K^~~~~~~~~[m[K
[3.808s] [01m[K/home/orthrus1-1/orthrus1-1/src/motor/src/motor_carryout.cpp:38:68:[m[K [01;31m[Kerror: [m[Kâ€˜[01m[Ksubscription_[m[Kâ€™ does not name a type; did you mean â€˜[01m[Krcl_subscription_t[m[Kâ€™?
[3.809s]      rclcpp::Subscription<std_msgs::msg::Motor_carryout>::SharedPtr [01;31m[Ksubscription_[m[K;};
[3.809s] 
[3.810s]                                                                     [01;31m[K^~~~~~~~~~~~~[m[K
[3.810s]                                                                     [32m[Krcl_subscription_t[m[K
[3.811s] [01m[K/home/orthrus1-1/orthrus1-1/src/motor/src/motor_carryout.cpp:[m[K In member function â€˜[01m[Kint moter_carryout::MinimalSubscriber()[m[Kâ€™:
[3.811s] [01m[K/home/orthrus1-1/orthrus1-1/src/motor/src/motor_carryout.cpp:24:7:[m[K [01;31m[Kerror: [m[Konly constructors take member initializers
[3.812s]      : [01;31m[KNode[m[K("motor_carryout")
[3.812s] 
[3.813s]        [01;31m[K^~~~[m[K
[3.814s] [01m[K/home/orthrus1-1/orthrus1-1/src/motor/src/motor_carryout.cpp:26:7:[m[K [01;31m[Kerror: [m[Kâ€˜[01m[Ksubscription_[m[Kâ€™ was not declared in this scope
[3.815s]        [01;31m[Ksubscription_[m[K = this->create_subscription<std_msgs::msg::Motor_carryout>(
[3.815s] 
[3.816s]        [01;31m[K^~~~~~~~~~~~~[m[K
[3.816s] [01m[K/home/orthrus1-1/orthrus1-1/src/motor/src/motor_carryout.cpp:26:7:[m[K [01;36m[Knote: [m[Ksuggested alternative: â€˜[01m[Krcl_subscription_t[m[Kâ€™
[3.817s]        [01;36m[Ksubscription_[m[K = this->create_subscription<std_msgs::msg::Motor_carryout>(
[3.817s] 
[3.818s]        [01;36m[K^~~~~~~~~~~~~[m[K
[3.819s]        [32m[Krcl_subscription_t[m[K
[3.819s] [01m[K/home/orthrus1-1/orthrus1-1/src/motor/src/motor_carryout.cpp:26:49:[m[K [01;31m[Kerror: [m[Kâ€˜[01m[Kstd_msgs[m[Kâ€™ was not declared in this scope
[3.821s]        subscription_ = this->create_subscription<[01;31m[Kstd_msgs[m[K::msg::Motor_carryout>(
[3.822s] 
[3.822s]                                                  [01;31m[K^~~~~~~~[m[K
[3.823s] [01m[K/home/orthrus1-1/orthrus1-1/src/motor/src/motor_carryout.cpp:26:29:[m[K [01;31m[Kerror: [m[Kparse error in template argument list
[3.824s]        subscription_ = this->[01;31m[Kcreate_subscription<std_msgs::msg::Motor_carryout>[m[K(
[3.825s] 
[3.826s]                              [01;31m[K^~~~~~~~~~~~~~~~~~~~~~~~~~~~~~~~~~~~~~~~~~~~~~~~~~[m[K
[3.826s] [01m[K/home/orthrus1-1/orthrus1-1/src/motor/src/motor_carryout.cpp:27:39:[m[K [01;31m[Kerror: [m[Kâ€˜[01m[Kmotor_carryout[m[Kâ€™ has not been declared
[3.827s]        "motor_carryout", 2, std::bind(&[01;31m[Kmotor_carryout[m[K::topic_callback, this, _1));
[3.827s] 
[3.828s]                                        [01;31m[K^~~~~~~~~~~~~~[m[K
[3.828s] [01m[K/home/orthrus1-1/orthrus1-1/src/motor/src/motor_carryout.cpp:27:77:[m[K [01;31m[Kerror: [m[Kâ€˜[01m[K_1[m[Kâ€™ was not declared in this scope
[3.829s]        "motor_carryout", 2, std::bind(&motor_carryout::topic_callback, this, [01;31m[K_1[m[K));
[3.829s] 
[3.830s]                                                                              [01;31m[K^~[m[K
[3.830s] [01m[K/home/orthrus1-1/orthrus1-1/src/motor/src/motor_carryout.cpp:27:77:[m[K [01;36m[Knote: [m[Ksuggested alternative:
[3.831s] In file included from [01m[K/home/orthrus1-1/orthrus1-1/src/motor/src/motor_carryout.cpp:12:0[m[K:
[3.831s] [01m[K/usr/include/c++/7/functional:275:34:[m[K [01;36m[Knote: [m[K  â€˜[01m[Kstd::placeholders::_1[m[Kâ€™
[3.832s]      extern const _Placeholder<1> [01;36m[K_1[m[K;
[3.832s]                                   [01;36m[K^~[m[K
[3.833s] [01m[K/home/orthrus1-1/orthrus1-1/src/motor/src/motor_carryout.cpp:28:5:[m[K [01;35m[Kwarning: [m[Kno return statement in function returning non-void [[01;35m[K-Wreturn-type[m[K]
[3.833s]      [01;35m[K}[m[K
[3.834s] 
[3.834s]      [01;35m[K^[m[K
[3.835s] [01m[K/home/orthrus1-1/orthrus1-1/src/motor/src/motor_carryout.cpp:[m[K In function â€˜[01m[Kint main(int, char**)[m[Kâ€™:
[3.835s] [01m[K/home/orthrus1-1/orthrus1-1/src/motor/src/motor_carryout.cpp:81:33:[m[K [01;31m[Kerror: [m[Kâ€˜[01m[Kmotor_carryout[m[Kâ€™ was not declared in this scope
[3.836s]    rclcpp::spin(std::make_shared<[01;31m[Kmotor_carryout[m[K>());
[3.836s] 
[3.837s]                                  [01;31m[K^~~~~~~~~~~~~~[m[K
[3.838s] [01m[K/home/orthrus1-1/orthrus1-1/src/motor/src/motor_carryout.cpp:81:33:[m[K [01;36m[Knote: [m[Ksuggested alternative: â€˜[01m[Kmoter_carryout[m[Kâ€™
[3.839s]    rclcpp::spin(std::make_shared<[01;36m[Kmotor_carryout[m[K>());
[3.839s] 
[3.840s]                                  [01;36m[K^~~~~~~~~~~~~~[m[K
[3.840s]                                  [32m[Kmoter_carryout[m[K
[3.841s] [01m[K/home/orthrus1-1/orthrus1-1/src/motor/src/motor_carryout.cpp:81:49:[m[K [01;31m[Kerror: [m[Kno matching function for call to â€˜[01m[Kmake_shared<<expression error> >()[m[Kâ€™
[3.841s]    rclcpp::spin(std::make_shared<motor_carryout>([01;31m[K)[m[K);
[3.842s] 
[3.842s]                                                  [01;31m[K^[m[K
[3.843s] In file included from [01m[K/usr/include/c++/7/memory:81:0[m[K,
[3.843s]                  from [01m[K/home/orthrus1-1/orthrus1-1/src/motor/src/motor_carryout.cpp:10[m[K:
[3.844s] [01m[K/usr/include/c++/7/bits/shared_ptr.h:703:5:[m[K [01;36m[Knote: [m[Kcandidate: template<class _Tp, class ... _Args> std::shared_ptr<_Tp> std::make_shared(_Args&& ...)
[3.844s]      [01;36m[Kmake_shared[m[K(_Args&&... __args)
[3.845s]      [01;36m[K^~~~~~~~~~~[m[K
[3.845s] [01m[K/usr/include/c++/7/bits/shared_ptr.h:703:5:[m[K [01;36m[Knote: [m[K  template argument deduction/substitution failed:
[3.846s] [01m[K/home/orthrus1-1/orthrus1-1/src/motor/src/motor_carryout.cpp:81:49:[m[K [01;31m[Kerror: [m[Ktemplate argument 1 is invalid
[3.846s]    rclcpp::spin(std::make_shared<motor_carryout>([01;31m[K)[m[K);
[3.847s] 
[3.847s]                                                  [01;31m[K^[m[K
[4.350s] CMakeFiles/motor_carryout.dir/build.make:62: recipe for target 'CMakeFiles/motor_carryout.dir/src/motor_carryout.cpp.o' failed
[4.351s] make[2]: *** [CMakeFiles/motor_carryout.dir/src/motor_carryout.cpp.o] Error 1
[4.351s] CMakeFiles/Makefile2:136: recipe for target 'CMakeFiles/motor_carryout.dir/all' failed
[4.352s] make[1]: *** [CMakeFiles/motor_carryout.dir/all] Error 2
[4.352s] Makefile:140: recipe for target 'all' failed
[4.353s] make: *** [all] Error 2
[4.357s] Invoked command in '/home/orthrus1-1/orthrus1-1/build/motor' returned '2': CMAKE_PREFIX_PATH=/home/orthrus1-1/orthrus1-1/install/message:/home/orthrus1-1/orthrus1-1/install/motor:/opt/ros/dashing LD_LIBRARY_PATH=/home/orthrus1-1/orthrus1-1/install/message/lib:/home/orthrus1-1/orthrus1-1/install/motor/lib:/opt/ros/dashing/opt/yaml_cpp_vendor/lib:/opt/ros/dashing/opt/rviz_ogre_vendor/lib:/usr/lib:/opt/ros/dashing/lib /usr/bin/cmake --build /home/orthrus1-1/orthrus1-1/build/motor -- -j4 -l4
