[35m[1mScanning dependencies of target motor_carryout[0m
[ 50%] Built target check
[ 75%] [32mBuilding CXX object CMakeFiles/motor_carryout.dir/src/motor_carryout.cpp.o[0m
[01m[K/home/orthrus1-1/orthrus1-1/src/motor/src/motor_carryout.cpp:94:17:[m[K [01;31m[Kerror: [m[Kvariable or field â€˜[01m[Ksetup_data[m[Kâ€™ declared void
 void setup_data([01;31m[Kclass[m[K  *msg_)

                 [01;31m[K^~~~~[m[K
[01m[K/home/orthrus1-1/orthrus1-1/src/motor/src/motor_carryout.cpp:94:17:[m[K [01;31m[Kerror: [m[Kexpected primary-expression before â€˜[01m[Kclass[m[Kâ€™
[01m[K/home/orthrus1-1/orthrus1-1/src/motor/src/motor_carryout.cpp:[m[K In member function â€˜[01m[Kvoid motor_carryout::topic_callback(message::msg::Motorcarryout_<std::allocator<void> >::SharedPtr) const[m[Kâ€™:
[01m[K/home/orthrus1-1/orthrus1-1/src/motor/src/motor_carryout.cpp:249:7:[m[K [01;31m[Kerror: [m[Kâ€˜[01m[Ksetup_data[m[Kâ€™ was not declared in this scope
       [01;31m[Ksetup_data[m[K(&msg);

       [01;31m[K^~~~~~~~~~[m[K
[01m[K/home/orthrus1-1/orthrus1-1/src/motor/src/motor_carryout.cpp:249:7:[m[K [01;36m[Knote: [m[Ksuggested alternative: â€˜[01m[Ksetstate[m[Kâ€™
       [01;36m[Ksetup_data[m[K(&msg);

       [01;36m[K^~~~~~~~~~[m[K
       [32m[Ksetstate[m[K
CMakeFiles/motor_carryout.dir/build.make:62: recipe for target 'CMakeFiles/motor_carryout.dir/src/motor_carryout.cpp.o' failed
make[2]: *** [CMakeFiles/motor_carryout.dir/src/motor_carryout.cpp.o] Error 1
make[1]: *** [CMakeFiles/motor_carryout.dir/all] Error 2
CMakeFiles/Makefile2:136: recipe for target 'CMakeFiles/motor_carryout.dir/all' failed
make: *** [all] Error 2
Makefile:140: recipe for target 'all' failed
