[0.029s] Invoking command in '/home/orthrus1-1/orthrus1-1/build/motor': AMENT_PREFIX_PATH=/home/orthrus1-1/orthrus1-1/install/message:${AMENT_PREFIX_PATH} CMAKE_PREFIX_PATH=/home/orthrus1-1/orthrus1-1/install/message:/opt/ros/dashing LD_LIBRARY_PATH=/home/orthrus1-1/orthrus1-1/install/message/lib:${LD_LIBRARY_PATH} PYTHONPATH=/home/orthrus1-1/orthrus1-1/install/message/lib/python3.6/site-packages:${PYTHONPATH} /usr/bin/cmake --build /home/orthrus1-1/orthrus1-1/build/motor -- -j4 -l4
[0.187s] [35m[1mScanning dependencies of target motor_carryout[0m
[0.240s] [ 50%] Built target check
[0.284s] [ 75%] [32mBuilding CXX object CMakeFiles/motor_carryout.dir/src/motor_carryout.cpp.o[0m
[3.763s] [01m[K/home/orthrus1-1/orthrus1-1/src/motor/src/motor_carryout.cpp:94:17:[m[K [01;31m[Kerror: [m[Kvariable or field â€˜[01m[Ksetup_data[m[Kâ€™ declared void
[3.764s]  void setup_data([01;31m[Kclass[m[K  *msg_)
[3.764s] 
[3.765s]                  [01;31m[K^~~~~[m[K
[3.765s] [01m[K/home/orthrus1-1/orthrus1-1/src/motor/src/motor_carryout.cpp:94:17:[m[K [01;31m[Kerror: [m[Kexpected primary-expression before â€˜[01m[Kclass[m[Kâ€™
[3.897s] [01m[K/home/orthrus1-1/orthrus1-1/src/motor/src/motor_carryout.cpp:[m[K In member function â€˜[01m[Kvoid motor_carryout::topic_callback(message::msg::Motorcarryout_<std::allocator<void> >::SharedPtr) const[m[Kâ€™:
[3.898s] [01m[K/home/orthrus1-1/orthrus1-1/src/motor/src/motor_carryout.cpp:249:7:[m[K [01;31m[Kerror: [m[Kâ€˜[01m[Ksetup_data[m[Kâ€™ was not declared in this scope
[3.899s]        [01;31m[Ksetup_data[m[K(&msg);
[3.899s] 
[3.900s]        [01;31m[K^~~~~~~~~~[m[K
[3.904s] [01m[K/home/orthrus1-1/orthrus1-1/src/motor/src/motor_carryout.cpp:249:7:[m[K [01;36m[Knote: [m[Ksuggested alternative: â€˜[01m[Ksetstate[m[Kâ€™
[3.905s]        [01;36m[Ksetup_data[m[K(&msg);
[3.906s] 
[3.906s]        [01;36m[K^~~~~~~~~~[m[K
[3.907s]        [32m[Ksetstate[m[K
[6.254s] CMakeFiles/motor_carryout.dir/build.make:62: recipe for target 'CMakeFiles/motor_carryout.dir/src/motor_carryout.cpp.o' failed
[6.255s] make[2]: *** [CMakeFiles/motor_carryout.dir/src/motor_carryout.cpp.o] Error 1
[6.256s] make[1]: *** [CMakeFiles/motor_carryout.dir/all] Error 2
[6.257s] CMakeFiles/Makefile2:136: recipe for target 'CMakeFiles/motor_carryout.dir/all' failed
[6.257s] make: *** [all] Error 2
[6.258s] Makefile:140: recipe for target 'all' failed
[6.262s] Invoked command in '/home/orthrus1-1/orthrus1-1/build/motor' returned '2': AMENT_PREFIX_PATH=/home/orthrus1-1/orthrus1-1/install/message:${AMENT_PREFIX_PATH} CMAKE_PREFIX_PATH=/home/orthrus1-1/orthrus1-1/install/message:/opt/ros/dashing LD_LIBRARY_PATH=/home/orthrus1-1/orthrus1-1/install/message/lib:${LD_LIBRARY_PATH} PYTHONPATH=/home/orthrus1-1/orthrus1-1/install/message/lib/python3.6/site-packages:${PYTHONPATH} /usr/bin/cmake --build /home/orthrus1-1/orthrus1-1/build/motor -- -j4 -l4
