[0.059s] Invoking command in '/home/orthrus1-1/orthrus1-1/build/motor': CMAKE_PREFIX_PATH=/opt/ros/dashing /usr/bin/cmake --build /home/orthrus1-1/orthrus1-1/build/motor -- -j4 -l4
[0.152s] -- Found ament_cmake: 0.7.5 (/opt/ros/dashing/share/ament_cmake/cmake)
[0.272s] -- Using PYTHON_EXECUTABLE: /usr/bin/python3
[1.234s] -- Found rclcpp: 0.7.14 (/opt/ros/dashing/share/rclcpp/cmake)
[1.281s] -- Found rosidl_adapter: 0.7.9 (/opt/ros/dashing/share/rosidl_adapter/cmake)
[1.403s] -- Found rmw_implementation_cmake: 0.7.2 (/opt/ros/dashing/share/rmw_implementation_cmake/cmake)
[1.408s] -- Using RMW implementation 'rmw_fastrtps_cpp' as default
[1.500s] -- Found std_msgs: 0.7.0 (/opt/ros/dashing/share/std_msgs/cmake)
[1.558s] -- Found ament_lint_auto: 0.7.12 (/opt/ros/dashing/share/ament_lint_auto/cmake)
[1.859s] -- Added test 'copyright' to check for copyright in CMake / C / C++ / Python code
[1.864s] -- Added test 'cppcheck' to perform static code analysis on C / C++ code
[1.865s] -- Configured cppcheck include dirs: /home/orthrus1-1/orthrus1-1/src/motor/include/motor;/home/orthrus1-1/orthrus1-1/src/motor/include/unitree_motor_ctrl;$<BUILD_INTERFACE:/home/orthrus1-1/orthrus1-1/src/motor/include>
[1.870s] -- Added test 'cpplint' to check C / C++ code against the Google style
[1.873s] -- Added test 'lint_cmake' to check CMake code style
[1.877s] -- Added test 'uncrustify' to check C / C++ code style
[1.879s] -- Added test 'xmllint' to check XML markup files
[1.887s] -- Configuring done
[1.924s] -- Generating done
[1.930s] -- Build files have been written to: /home/orthrus1-1/orthrus1-1/build/motor
[2.013s] [35m[1mScanning dependencies of target check[0m
[2.106s] [ 50%] [32mBuilding CXX object CMakeFiles/check.dir/src/check.cpp.o[0m
[6.190s] [100%] [32m[1mLinking CXX executable check[0m
[6.263s] /usr/bin/ld: cannot find -lUnitree_motor_SDK_ARM64
[6.267s] collect2: error: ld returned 1 exit status
[6.272s] CMakeFiles/check.dir/build.make:134: recipe for target 'check' failed
[6.273s] make[2]: *** [check] Error 1
[6.273s] CMakeFiles/Makefile2:67: recipe for target 'CMakeFiles/check.dir/all' failed
[6.274s] make[1]: *** [CMakeFiles/check.dir/all] Error 2
[6.274s] Makefile:140: recipe for target 'all' failed
[6.275s] make: *** [all] Error 2
[6.279s] Invoked command in '/home/orthrus1-1/orthrus1-1/build/motor' returned '2': CMAKE_PREFIX_PATH=/opt/ros/dashing /usr/bin/cmake --build /home/orthrus1-1/orthrus1-1/build/motor -- -j4 -l4
