[0.036s] Invoking command in '/home/orthrus1-1/orthrus1-1/build/motor': CMAKE_PREFIX_PATH=/home/orthrus1-1/orthrus1-1/install/message:/home/orthrus1-1/orthrus1-1/install/motor:/opt/ros/dashing LD_LIBRARY_PATH=/home/orthrus1-1/orthrus1-1/install/message/lib:/home/orthrus1-1/orthrus1-1/install/motor/lib:/opt/ros/dashing/opt/yaml_cpp_vendor/lib:/opt/ros/dashing/opt/rviz_ogre_vendor/lib:/usr/lib:/opt/ros/dashing/lib /usr/bin/cmake --build /home/orthrus1-1/orthrus1-1/build/motor -- -j4 -l4
[0.194s] [35m[1mScanning dependencies of target motor_carryout[0m
[0.247s] [ 50%] Built target check
[0.292s] [ 75%] [32mBuilding CXX object CMakeFiles/motor_carryout.dir/src/motor_carryout.cpp.o[0m
[0.564s] [01m[K/home/orthrus1-1/orthrus1-1/src/motor/src/motor_carryout.cpp:61:8:[m[K [01;35m[Kwarning: [m[K"/*" within comment [[01;35m[K-Wcomment[m[K]
[0.565s]        //* auto message = std_msgs::msg::String();
[0.565s] 
[0.566s]          
[0.566s] [01m[K/home/orthrus1-1/orthrus1-1/src/motor/src/motor_carryout.cpp:62:8:[m[K [01;35m[Kwarning: [m[K"/*" within comment [[01;35m[K-Wcomment[m[K]
[0.566s]        //* message.data = "Hello, world! " + std::to_string(count_++);
[0.567s] 
[0.567s]          
[0.568s] [01m[K/home/orthrus1-1/orthrus1-1/src/motor/src/motor_carryout.cpp:63:8:[m[K [01;35m[Kwarning: [m[K"/*" within comment [[01;35m[K-Wcomment[m[K]
[0.568s]        //* RCLCPP_INFO(this->get_logger(), "Publishing: '%s'", message.data.c_str());
[0.569s] 
[0.569s]          
[0.570s] [01m[K/home/orthrus1-1/orthrus1-1/src/motor/src/motor_carryout.cpp:64:8:[m[K [01;35m[Kwarning: [m[K"/*" within comment [[01;35m[K-Wcomment[m[K]
[0.570s]        //* publisher_->publish(message);
[0.571s] 
[0.571s]          
[3.752s] [01m[K/home/orthrus1-1/orthrus1-1/src/motor/src/motor_carryout.cpp:34:31:[m[K [01;31m[Kerror: [m[Kâ€˜[01m[Kstd_msgs[m[Kâ€™ does not name a type
[3.753s]      void topic_callback(const [01;31m[Kstd_msgs[m[K::msg::String::SharedPtr msg) const
[3.753s] 
[3.754s]                                [01;31m[K^~~~~~~~[m[K
[3.755s] [01m[K/home/orthrus1-1/orthrus1-1/src/motor/src/motor_carryout.cpp:34:44:[m[K [01;31m[Kerror: [m[Kexpected unqualified-id before â€˜[01m[K::[m[Kâ€™ token
[3.755s]      void topic_callback(const std_msgs::msg[01;31m[K::[m[KString::SharedPtr msg) const
[3.756s] 
[3.756s]                                             [01;31m[K^~[m[K
[3.757s] [01m[K/home/orthrus1-1/orthrus1-1/src/motor/src/motor_carryout.cpp:34:44:[m[K [01;31m[Kerror: [m[Kexpected â€˜[01m[K)[m[Kâ€™ before â€˜[01m[K::[m[Kâ€™ token
[3.758s] [01m[K/home/orthrus1-1/orthrus1-1/src/motor/src/motor_carryout.cpp:34:41:[m[K [01;31m[Kerror: [m[Kexpected â€˜[01m[K;[m[Kâ€™ at end of member declaration
[3.758s]      void topic_callback(const std_msgs::[01;31m[Kmsg[m[K::String::SharedPtr msg) const
[3.759s] 
[3.760s]                                          [01;31m[K^~~[m[K
[3.760s] [01m[K/home/orthrus1-1/orthrus1-1/src/motor/src/motor_carryout.cpp:34:46:[m[K [01;31m[Kerror: [m[Kâ€˜[01m[KString[m[Kâ€™ in namespace â€˜[01m[K::[m[Kâ€™ does not name a type
[3.761s]      void topic_callback(const std_msgs::msg::[01;31m[KString[m[K::SharedPtr msg) const
[3.761s] 
[3.762s]                                               [01;31m[K^~~~~~[m[K
[3.762s] [01m[K/home/orthrus1-1/orthrus1-1/src/motor/src/motor_carryout.cpp:38:26:[m[K [01;31m[Kerror: [m[Kâ€˜[01m[Kstd_msgs[m[Kâ€™ was not declared in this scope
[3.763s]      rclcpp::Subscription<[01;31m[Kstd_msgs[m[K::msg::Motor_carryout>::SharedPtr subscription_;};
[3.763s] 
[3.764s]                           [01;31m[K^~~~~~~~[m[K
[3.764s] [01m[K/home/orthrus1-1/orthrus1-1/src/motor/src/motor_carryout.cpp:38:55:[m[K [01;31m[Kerror: [m[Ktemplate argument 1 is invalid
[3.765s]      rclcpp::Subscription<std_msgs::msg::Motor_carryout[01;31m[K>[m[K::SharedPtr subscription_;};
[3.766s] 
[3.767s]                                                        [01;31m[K^[m[K
[3.767s] [01m[K/home/orthrus1-1/orthrus1-1/src/motor/src/motor_carryout.cpp:38:58:[m[K [01;31m[Kerror: [m[Kexpected â€˜[01m[K;[m[Kâ€™ at end of member declaration
[3.768s]      rclcpp::Subscription<std_msgs::msg::Motor_carryout>::[01;31m[KSharedPtr[m[K subscription_;};
[3.769s] 
[3.769s]                                                           [01;31m[K^~~~~~~~~[m[K
[3.770s] [01m[K/home/orthrus1-1/orthrus1-1/src/motor/src/motor_carryout.cpp:38:68:[m[K [01;31m[Kerror: [m[Kâ€˜[01m[Ksubscription_[m[Kâ€™ does not name a type; did you mean â€˜[01m[Krcl_subscription_t[m[Kâ€™?
[3.770s]      rclcpp::Subscription<std_msgs::msg::Motor_carryout>::SharedPtr [01;31m[Ksubscription_[m[K;};
[3.771s] 
[3.771s]                                                                     [01;31m[K^~~~~~~~~~~~~[m[K
[3.772s]                                                                     [32m[Krcl_subscription_t[m[K
[3.772s] [01m[K/home/orthrus1-1/orthrus1-1/src/motor/src/motor_carryout.cpp:[m[K In constructor â€˜[01m[Kmotor_carryout::motor_carryout()[m[Kâ€™:
[3.773s] [01m[K/home/orthrus1-1/orthrus1-1/src/motor/src/motor_carryout.cpp:26:7:[m[K [01;31m[Kerror: [m[Kâ€˜[01m[Ksubscription_[m[Kâ€™ was not declared in this scope
[3.773s]        [01;31m[Ksubscription_[m[K = this->create_subscription<message::msg::motorcarryout>(
[3.774s] 
[3.774s]        [01;31m[K^~~~~~~~~~~~~[m[K
[3.776s] [01m[K/home/orthrus1-1/orthrus1-1/src/motor/src/motor_carryout.cpp:26:7:[m[K [01;36m[Knote: [m[Ksuggested alternative: â€˜[01m[Krcl_subscription_t[m[Kâ€™
[3.777s]        [01;36m[Ksubscription_[m[K = this->create_subscription<message::msg::motorcarryout>(
[3.777s] 
[3.778s]        [01;36m[K^~~~~~~~~~~~~[m[K
[3.778s]        [32m[Krcl_subscription_t[m[K
[3.779s] [01m[K/home/orthrus1-1/orthrus1-1/src/motor/src/motor_carryout.cpp:26:63:[m[K [01;31m[Kerror: [m[Kâ€˜[01m[Kmotorcarryout[m[Kâ€™ is not a member of â€˜[01m[Kmessage::msg[m[Kâ€™
[3.780s]        subscription_ = this->create_subscription<message::msg::[01;31m[Kmotorcarryout[m[K>(
[3.780s] 
[3.781s]                                                                [01;31m[K^~~~~~~~~~~~~[m[K
[3.781s] [01m[K/home/orthrus1-1/orthrus1-1/src/motor/src/motor_carryout.cpp:26:63:[m[K [01;36m[Knote: [m[Ksuggested alternative: â€˜[01m[KMotorcarryout[m[Kâ€™
[3.782s]        subscription_ = this->create_subscription<message::msg::[01;36m[Kmotorcarryout[m[K>(
[3.782s] 
[3.783s]                                                                [01;36m[K^~~~~~~~~~~~~[m[K
[3.783s]                                                                [32m[KMotorcarryout[m[K
[3.784s] [01m[K/home/orthrus1-1/orthrus1-1/src/motor/src/motor_carryout.cpp:26:63:[m[K [01;31m[Kerror: [m[Kâ€˜[01m[Kmotorcarryout[m[Kâ€™ is not a member of â€˜[01m[Kmessage::msg[m[Kâ€™
[3.784s] [01m[K/home/orthrus1-1/orthrus1-1/src/motor/src/motor_carryout.cpp:26:63:[m[K [01;36m[Knote: [m[Ksuggested alternative: â€˜[01m[KMotorcarryout[m[Kâ€™
[3.785s]        subscription_ = this->create_subscription<message::msg::[01;36m[Kmotorcarryout[m[K>(
[3.785s] 
[3.786s]                                                                [01;36m[K^~~~~~~~~~~~~[m[K
[3.786s]                                                                [32m[KMotorcarryout[m[K
[3.787s] [01m[K/home/orthrus1-1/orthrus1-1/src/motor/src/motor_carryout.cpp:27:77:[m[K [01;31m[Kerror: [m[Kâ€˜[01m[K_1[m[Kâ€™ was not declared in this scope
[3.787s]        "motor_carryout", 2, std::bind(&motor_carryout::topic_callback, this, [01;31m[K_1[m[K));
[3.788s] 
[3.788s]                                                                              [01;31m[K^~[m[K
[3.789s] [01m[K/home/orthrus1-1/orthrus1-1/src/motor/src/motor_carryout.cpp:27:77:[m[K [01;36m[Knote: [m[Ksuggested alternative:
[3.789s] In file included from [01m[K/home/orthrus1-1/orthrus1-1/src/motor/src/motor_carryout.cpp:12:0[m[K:
[3.790s] [01m[K/usr/include/c++/7/functional:275:34:[m[K [01;36m[Knote: [m[K  â€˜[01m[Kstd::placeholders::_1[m[Kâ€™
[3.790s]      extern const _Placeholder<1> [01;36m[K_1[m[K;
[3.791s]                                   [01;36m[K^~[m[K
[4.362s] make[2]: *** [CMakeFiles/motor_carryout.dir/src/motor_carryout.cpp.o] Error 1
[4.363s] CMakeFiles/motor_carryout.dir/build.make:62: recipe for target 'CMakeFiles/motor_carryout.dir/src/motor_carryout.cpp.o' failed
[4.364s] make[1]: *** [CMakeFiles/motor_carryout.dir/all] Error 2
[4.364s] CMakeFiles/Makefile2:136: recipe for target 'CMakeFiles/motor_carryout.dir/all' failed
[4.365s] make: *** [all] Error 2
[4.365s] Makefile:140: recipe for target 'all' failed
[4.370s] Invoked command in '/home/orthrus1-1/orthrus1-1/build/motor' returned '2': CMAKE_PREFIX_PATH=/home/orthrus1-1/orthrus1-1/install/message:/home/orthrus1-1/orthrus1-1/install/motor:/opt/ros/dashing LD_LIBRARY_PATH=/home/orthrus1-1/orthrus1-1/install/message/lib:/home/orthrus1-1/orthrus1-1/install/motor/lib:/opt/ros/dashing/opt/yaml_cpp_vendor/lib:/opt/ros/dashing/opt/rviz_ogre_vendor/lib:/usr/lib:/opt/ros/dashing/lib /usr/bin/cmake --build /home/orthrus1-1/orthrus1-1/build/motor -- -j4 -l4
